{"C:\\Users\\evano\\WebstormProjects\\JavascriptKata\\dist\\test\\folder_1\\test_kata_1.spec.js":{"path":"C:\\Users\\evano\\WebstormProjects\\JavascriptKata\\dist\\test\\folder_1\\test_kata_1.spec.js","statementMap":{"0":{"start":{"line":3,"column":0},"end":{"line":26,"column":3}},"1":{"start":{"line":4,"column":4},"end":{"line":6,"column":7}},"2":{"start":{"line":5,"column":8},"end":{"line":5,"column":50}},"3":{"start":{"line":7,"column":4},"end":{"line":11,"column":7}},"4":{"start":{"line":8,"column":24},"end":{"line":8,"column":52}},"5":{"start":{"line":9,"column":8},"end":{"line":9,"column":47}},"6":{"start":{"line":10,"column":8},"end":{"line":10,"column":44}},"7":{"start":{"line":12,"column":4},"end":{"line":18,"column":7}},"8":{"start":{"line":13,"column":23},"end":{"line":13,"column":44}},"9":{"start":{"line":14,"column":8},"end":{"line":14,"column":24}},"10":{"start":{"line":15,"column":25},"end":{"line":15,"column":40}},"11":{"start":{"line":16,"column":8},"end":{"line":16,"column":48}},"12":{"start":{"line":17,"column":8},"end":{"line":17,"column":45}},"13":{"start":{"line":19,"column":4},"end":{"line":25,"column":7}},"14":{"start":{"line":20,"column":23},"end":{"line":20,"column":44}},"15":{"start":{"line":21,"column":26},"end":{"line":21,"column":41}},"16":{"start":{"line":22,"column":27},"end":{"line":22,"column":42}},"17":{"start":{"line":23,"column":26},"end":{"line":23,"column":41}},"18":{"start":{"line":24,"column":8},"end":{"line":24,"column":43}}},"fnMap":{"0":{"name":"(anonymous_0)","decl":{"start":{"line":3,"column":29},"end":{"line":3,"column":30}},"loc":{"start":{"line":3,"column":41},"end":{"line":26,"column":1}},"line":3},"1":{"name":"(anonymous_1)","decl":{"start":{"line":4,"column":36},"end":{"line":4,"column":37}},"loc":{"start":{"line":4,"column":48},"end":{"line":6,"column":5}},"line":4},"2":{"name":"(anonymous_2)","decl":{"start":{"line":7,"column":61},"end":{"line":7,"column":62}},"loc":{"start":{"line":7,"column":67},"end":{"line":11,"column":5}},"line":7},"3":{"name":"(anonymous_3)","decl":{"start":{"line":12,"column":76},"end":{"line":12,"column":77}},"loc":{"start":{"line":12,"column":82},"end":{"line":18,"column":5}},"line":12},"4":{"name":"(anonymous_4)","decl":{"start":{"line":19,"column":78},"end":{"line":19,"column":79}},"loc":{"start":{"line":19,"column":84},"end":{"line":25,"column":5}},"line":19}},"branchMap":{},"s":{"0":1,"1":1,"2":1,"3":1,"4":1,"5":1,"6":1,"7":1,"8":1,"9":1,"10":1,"11":1,"12":1,"13":1,"14":1,"15":1,"16":1,"17":1,"18":1},"f":{"0":1,"1":1,"2":1,"3":1,"4":1},"b":{},"_coverageSchema":"1a1c01bbd47fc00a2c39e90264f33305004495a9","hash":"bba829822d97ac5368991c5cde3660c4e0816bd4","contentHash":"e7f226868a8ab81e77d1ff80496738022742cc91d5f1c2e603750e262f4998b7"},"C:\\Users\\evano\\WebstormProjects\\JavascriptKata\\dist\\test\\folder_1\\test_kata_10.spec.js":{"path":"C:\\Users\\evano\\WebstormProjects\\JavascriptKata\\dist\\test\\folder_1\\test_kata_10.spec.js","statementMap":{"0":{"start":{"line":3,"column":0},"end":{"line":26,"column":3}},"1":{"start":{"line":4,"column":4},"end":{"line":6,"column":7}},"2":{"start":{"line":5,"column":8},"end":{"line":5,"column":50}},"3":{"start":{"line":7,"column":4},"end":{"line":11,"column":7}},"4":{"start":{"line":8,"column":24},"end":{"line":8,"column":52}},"5":{"start":{"line":9,"column":8},"end":{"line":9,"column":47}},"6":{"start":{"line":10,"column":8},"end":{"line":10,"column":44}},"7":{"start":{"line":12,"column":4},"end":{"line":18,"column":7}},"8":{"start":{"line":13,"column":23},"end":{"line":13,"column":44}},"9":{"start":{"line":14,"column":8},"end":{"line":14,"column":24}},"10":{"start":{"line":15,"column":25},"end":{"line":15,"column":40}},"11":{"start":{"line":16,"column":8},"end":{"line":16,"column":48}},"12":{"start":{"line":17,"column":8},"end":{"line":17,"column":45}},"13":{"start":{"line":19,"column":4},"end":{"line":25,"column":7}},"14":{"start":{"line":20,"column":23},"end":{"line":20,"column":44}},"15":{"start":{"line":21,"column":26},"end":{"line":21,"column":41}},"16":{"start":{"line":22,"column":27},"end":{"line":22,"column":42}},"17":{"start":{"line":23,"column":26},"end":{"line":23,"column":41}},"18":{"start":{"line":24,"column":8},"end":{"line":24,"column":43}}},"fnMap":{"0":{"name":"(anonymous_0)","decl":{"start":{"line":3,"column":34},"end":{"line":3,"column":35}},"loc":{"start":{"line":3,"column":46},"end":{"line":26,"column":1}},"line":3},"1":{"name":"(anonymous_1)","decl":{"start":{"line":4,"column":36},"end":{"line":4,"column":37}},"loc":{"start":{"line":4,"column":48},"end":{"line":6,"column":5}},"line":4},"2":{"name":"(anonymous_2)","decl":{"start":{"line":7,"column":61},"end":{"line":7,"column":62}},"loc":{"start":{"line":7,"column":67},"end":{"line":11,"column":5}},"line":7},"3":{"name":"(anonymous_3)","decl":{"start":{"line":12,"column":76},"end":{"line":12,"column":77}},"loc":{"start":{"line":12,"column":82},"end":{"line":18,"column":5}},"line":12},"4":{"name":"(anonymous_4)","decl":{"start":{"line":19,"column":78},"end":{"line":19,"column":79}},"loc":{"start":{"line":19,"column":84},"end":{"line":25,"column":5}},"line":19}},"branchMap":{},"s":{"0":1,"1":1,"2":1,"3":1,"4":1,"5":1,"6":1,"7":1,"8":1,"9":1,"10":1,"11":1,"12":1,"13":1,"14":1,"15":1,"16":1,"17":1,"18":1},"f":{"0":1,"1":1,"2":1,"3":1,"4":1},"b":{},"_coverageSchema":"1a1c01bbd47fc00a2c39e90264f33305004495a9","hash":"663e516dea8467528005c895013987c2a0cce82e","contentHash":"d53a5761b62bd285da9472d0c119fd55dad0e381b6f78f57588427a2932e8f08"},"C:\\Users\\evano\\WebstormProjects\\JavascriptKata\\dist\\test\\folder_1\\test_kata_11.spec.js":{"path":"C:\\Users\\evano\\WebstormProjects\\JavascriptKata\\dist\\test\\folder_1\\test_kata_11.spec.js","statementMap":{"0":{"start":{"line":3,"column":0},"end":{"line":44,"column":3}},"1":{"start":{"line":4,"column":4},"end":{"line":12,"column":7}},"2":{"start":{"line":5,"column":25},"end":{"line":9,"column":9}},"3":{"start":{"line":10,"column":26},"end":{"line":10,"column":41}},"4":{"start":{"line":11,"column":8},"end":{"line":11,"column":35}},"5":{"start":{"line":13,"column":4},"end":{"line":28,"column":8}},"6":{"start":{"line":19,"column":41},"end":{"line":28,"column":6}},"7":{"start":{"line":21,"column":25},"end":{"line":25,"column":9}},"8":{"start":{"line":26,"column":26},"end":{"line":26,"column":41}},"9":{"start":{"line":27,"column":8},"end":{"line":27,"column":48}},"10":{"start":{"line":29,"column":4},"end":{"line":43,"column":8}},"11":{"start":{"line":35,"column":40},"end":{"line":43,"column":6}},"12":{"start":{"line":36,"column":25},"end":{"line":40,"column":9}},"13":{"start":{"line":41,"column":26},"end":{"line":41,"column":41}},"14":{"start":{"line":42,"column":8},"end":{"line":42,"column":67}}},"fnMap":{"0":{"name":"(anonymous_0)","decl":{"start":{"line":3,"column":26},"end":{"line":3,"column":27}},"loc":{"start":{"line":3,"column":38},"end":{"line":44,"column":1}},"line":3},"1":{"name":"(anonymous_1)","decl":{"start":{"line":4,"column":116},"end":{"line":4,"column":117}},"loc":{"start":{"line":4,"column":128},"end":{"line":12,"column":5}},"line":4},"2":{"name":"(anonymous_2)","decl":{"start":{"line":19,"column":14},"end":{"line":19,"column":15}},"loc":{"start":{"line":19,"column":41},"end":{"line":28,"column":6}},"line":19},"3":{"name":"(anonymous_3)","decl":{"start":{"line":20,"column":37},"end":{"line":20,"column":38}},"loc":{"start":{"line":20,"column":49},"end":{"line":28,"column":5}},"line":20},"4":{"name":"(anonymous_4)","decl":{"start":{"line":35,"column":14},"end":{"line":35,"column":15}},"loc":{"start":{"line":35,"column":40},"end":{"line":43,"column":6}},"line":35},"5":{"name":"(anonymous_5)","decl":{"start":{"line":35,"column":163},"end":{"line":35,"column":164}},"loc":{"start":{"line":35,"column":175},"end":{"line":43,"column":5}},"line":35}},"branchMap":{},"s":{"0":1,"1":1,"2":1,"3":1,"4":1,"5":1,"6":5,"7":5,"8":5,"9":5,"10":1,"11":5,"12":5,"13":5,"14":5},"f":{"0":1,"1":1,"2":5,"3":5,"4":5,"5":5},"b":{},"_coverageSchema":"1a1c01bbd47fc00a2c39e90264f33305004495a9","hash":"951530a2ee054bdae933e9dac11692cb36b2acb3","contentHash":"f7b53b6011cf792bd897d8f06c0f68667c3594a42008b037584741a9cf474902"},"C:\\Users\\evano\\WebstormProjects\\JavascriptKata\\dist\\test\\folder_1\\test_kata_12.spec.js":{"path":"C:\\Users\\evano\\WebstormProjects\\JavascriptKata\\dist\\test\\folder_1\\test_kata_12.spec.js","statementMap":{"0":{"start":{"line":3,"column":0},"end":{"line":29,"column":3}},"1":{"start":{"line":4,"column":4},"end":{"line":13,"column":7}},"2":{"start":{"line":5,"column":23},"end":{"line":5,"column":35}},"3":{"start":{"line":6,"column":25},"end":{"line":6,"column":39}},"4":{"start":{"line":7,"column":8},"end":{"line":7,"column":29}},"5":{"start":{"line":8,"column":8},"end":{"line":8,"column":31}},"6":{"start":{"line":9,"column":8},"end":{"line":9,"column":32}},"7":{"start":{"line":10,"column":8},"end":{"line":10,"column":31}},"8":{"start":{"line":11,"column":8},"end":{"line":11,"column":43}},"9":{"start":{"line":12,"column":8},"end":{"line":12,"column":46}},"10":{"start":{"line":14,"column":4},"end":{"line":22,"column":7}},"11":{"start":{"line":15,"column":23},"end":{"line":15,"column":35}},"12":{"start":{"line":16,"column":25},"end":{"line":16,"column":39}},"13":{"start":{"line":17,"column":8},"end":{"line":17,"column":29}},"14":{"start":{"line":18,"column":8},"end":{"line":18,"column":30}},"15":{"start":{"line":19,"column":8},"end":{"line":19,"column":32}},"16":{"start":{"line":20,"column":8},"end":{"line":20,"column":30}},"17":{"start":{"line":21,"column":8},"end":{"line":21,"column":43}},"18":{"start":{"line":23,"column":4},"end":{"line":28,"column":7}},"19":{"start":{"line":24,"column":23},"end":{"line":24,"column":35}},"20":{"start":{"line":25,"column":25},"end":{"line":25,"column":39}},"21":{"start":{"line":26,"column":8},"end":{"line":26,"column":32}},"22":{"start":{"line":27,"column":8},"end":{"line":27,"column":51}}},"fnMap":{"0":{"name":"(anonymous_0)","decl":{"start":{"line":3,"column":31},"end":{"line":3,"column":32}},"loc":{"start":{"line":3,"column":37},"end":{"line":29,"column":1}},"line":3},"1":{"name":"(anonymous_1)","decl":{"start":{"line":4,"column":68},"end":{"line":4,"column":69}},"loc":{"start":{"line":4,"column":74},"end":{"line":13,"column":5}},"line":4},"2":{"name":"(anonymous_2)","decl":{"start":{"line":14,"column":68},"end":{"line":14,"column":69}},"loc":{"start":{"line":14,"column":74},"end":{"line":22,"column":5}},"line":14},"3":{"name":"(anonymous_3)","decl":{"start":{"line":23,"column":69},"end":{"line":23,"column":70}},"loc":{"start":{"line":23,"column":75},"end":{"line":28,"column":5}},"line":23}},"branchMap":{},"s":{"0":1,"1":1,"2":1,"3":1,"4":1,"5":1,"6":1,"7":1,"8":1,"9":1,"10":1,"11":1,"12":1,"13":1,"14":1,"15":1,"16":1,"17":1,"18":1,"19":1,"20":1,"21":1,"22":1},"f":{"0":1,"1":1,"2":1,"3":1},"b":{},"_coverageSchema":"1a1c01bbd47fc00a2c39e90264f33305004495a9","hash":"c905b7762920d40dad38401a3e36b44d8a6af5fa","contentHash":"558c47d1ba16157f66a21097e5e9e7f7615e11cc6b5e3b4cbb8753a0fd43cfa9"},"C:\\Users\\evano\\WebstormProjects\\JavascriptKata\\dist\\test\\folder_1\\test_kata_13.spec.js":{"path":"C:\\Users\\evano\\WebstormProjects\\JavascriptKata\\dist\\test\\folder_1\\test_kata_13.spec.js","statementMap":{"0":{"start":{"line":3,"column":0},"end":{"line":26,"column":3}},"1":{"start":{"line":4,"column":4},"end":{"line":6,"column":7}},"2":{"start":{"line":5,"column":8},"end":{"line":5,"column":50}},"3":{"start":{"line":7,"column":4},"end":{"line":11,"column":7}},"4":{"start":{"line":8,"column":24},"end":{"line":8,"column":52}},"5":{"start":{"line":9,"column":8},"end":{"line":9,"column":47}},"6":{"start":{"line":10,"column":8},"end":{"line":10,"column":44}},"7":{"start":{"line":12,"column":4},"end":{"line":18,"column":7}},"8":{"start":{"line":13,"column":23},"end":{"line":13,"column":44}},"9":{"start":{"line":14,"column":8},"end":{"line":14,"column":24}},"10":{"start":{"line":15,"column":25},"end":{"line":15,"column":40}},"11":{"start":{"line":16,"column":8},"end":{"line":16,"column":48}},"12":{"start":{"line":17,"column":8},"end":{"line":17,"column":45}},"13":{"start":{"line":19,"column":4},"end":{"line":25,"column":7}},"14":{"start":{"line":20,"column":23},"end":{"line":20,"column":44}},"15":{"start":{"line":21,"column":26},"end":{"line":21,"column":41}},"16":{"start":{"line":22,"column":27},"end":{"line":22,"column":42}},"17":{"start":{"line":23,"column":26},"end":{"line":23,"column":41}},"18":{"start":{"line":24,"column":8},"end":{"line":24,"column":43}}},"fnMap":{"0":{"name":"(anonymous_0)","decl":{"start":{"line":3,"column":34},"end":{"line":3,"column":35}},"loc":{"start":{"line":3,"column":46},"end":{"line":26,"column":1}},"line":3},"1":{"name":"(anonymous_1)","decl":{"start":{"line":4,"column":36},"end":{"line":4,"column":37}},"loc":{"start":{"line":4,"column":48},"end":{"line":6,"column":5}},"line":4},"2":{"name":"(anonymous_2)","decl":{"start":{"line":7,"column":61},"end":{"line":7,"column":62}},"loc":{"start":{"line":7,"column":67},"end":{"line":11,"column":5}},"line":7},"3":{"name":"(anonymous_3)","decl":{"start":{"line":12,"column":76},"end":{"line":12,"column":77}},"loc":{"start":{"line":12,"column":82},"end":{"line":18,"column":5}},"line":12},"4":{"name":"(anonymous_4)","decl":{"start":{"line":19,"column":78},"end":{"line":19,"column":79}},"loc":{"start":{"line":19,"column":84},"end":{"line":25,"column":5}},"line":19}},"branchMap":{},"s":{"0":1,"1":1,"2":1,"3":1,"4":1,"5":1,"6":1,"7":1,"8":1,"9":1,"10":1,"11":1,"12":1,"13":1,"14":1,"15":1,"16":1,"17":1,"18":1},"f":{"0":1,"1":1,"2":1,"3":1,"4":1},"b":{},"_coverageSchema":"1a1c01bbd47fc00a2c39e90264f33305004495a9","hash":"d952d2cdd6ab4bcb49777e3286421a78aa2289c1","contentHash":"d3702bdbcc098f837446b1d3c3d2d7c8cfff8371b1dc6442bc9ff41d7498158b"},"C:\\Users\\evano\\WebstormProjects\\JavascriptKata\\dist\\test\\folder_1\\test_kata_14.spec.js":{"path":"C:\\Users\\evano\\WebstormProjects\\JavascriptKata\\dist\\test\\folder_1\\test_kata_14.spec.js","statementMap":{"0":{"start":{"line":3,"column":0},"end":{"line":44,"column":3}},"1":{"start":{"line":4,"column":4},"end":{"line":12,"column":7}},"2":{"start":{"line":5,"column":25},"end":{"line":9,"column":9}},"3":{"start":{"line":10,"column":26},"end":{"line":10,"column":41}},"4":{"start":{"line":11,"column":8},"end":{"line":11,"column":35}},"5":{"start":{"line":13,"column":4},"end":{"line":28,"column":8}},"6":{"start":{"line":19,"column":41},"end":{"line":28,"column":6}},"7":{"start":{"line":21,"column":25},"end":{"line":25,"column":9}},"8":{"start":{"line":26,"column":26},"end":{"line":26,"column":41}},"9":{"start":{"line":27,"column":8},"end":{"line":27,"column":48}},"10":{"start":{"line":29,"column":4},"end":{"line":43,"column":8}},"11":{"start":{"line":35,"column":40},"end":{"line":43,"column":6}},"12":{"start":{"line":36,"column":25},"end":{"line":40,"column":9}},"13":{"start":{"line":41,"column":26},"end":{"line":41,"column":41}},"14":{"start":{"line":42,"column":8},"end":{"line":42,"column":67}}},"fnMap":{"0":{"name":"(anonymous_0)","decl":{"start":{"line":3,"column":26},"end":{"line":3,"column":27}},"loc":{"start":{"line":3,"column":38},"end":{"line":44,"column":1}},"line":3},"1":{"name":"(anonymous_1)","decl":{"start":{"line":4,"column":116},"end":{"line":4,"column":117}},"loc":{"start":{"line":4,"column":128},"end":{"line":12,"column":5}},"line":4},"2":{"name":"(anonymous_2)","decl":{"start":{"line":19,"column":14},"end":{"line":19,"column":15}},"loc":{"start":{"line":19,"column":41},"end":{"line":28,"column":6}},"line":19},"3":{"name":"(anonymous_3)","decl":{"start":{"line":20,"column":37},"end":{"line":20,"column":38}},"loc":{"start":{"line":20,"column":49},"end":{"line":28,"column":5}},"line":20},"4":{"name":"(anonymous_4)","decl":{"start":{"line":35,"column":14},"end":{"line":35,"column":15}},"loc":{"start":{"line":35,"column":40},"end":{"line":43,"column":6}},"line":35},"5":{"name":"(anonymous_5)","decl":{"start":{"line":35,"column":163},"end":{"line":35,"column":164}},"loc":{"start":{"line":35,"column":175},"end":{"line":43,"column":5}},"line":35}},"branchMap":{},"s":{"0":1,"1":1,"2":1,"3":1,"4":1,"5":1,"6":5,"7":5,"8":5,"9":5,"10":1,"11":5,"12":5,"13":5,"14":5},"f":{"0":1,"1":1,"2":5,"3":5,"4":5,"5":5},"b":{},"_coverageSchema":"1a1c01bbd47fc00a2c39e90264f33305004495a9","hash":"d53cf0067d9afc1d7fbad0e16e6fc20d8e75dda3","contentHash":"354e5c75c5556e7a903089d7979081cb351672bed6e5733b0a04a0da89443434"},"C:\\Users\\evano\\WebstormProjects\\JavascriptKata\\dist\\test\\folder_1\\test_kata_15.spec.js":{"path":"C:\\Users\\evano\\WebstormProjects\\JavascriptKata\\dist\\test\\folder_1\\test_kata_15.spec.js","statementMap":{"0":{"start":{"line":3,"column":0},"end":{"line":29,"column":3}},"1":{"start":{"line":4,"column":4},"end":{"line":13,"column":7}},"2":{"start":{"line":5,"column":23},"end":{"line":5,"column":35}},"3":{"start":{"line":6,"column":25},"end":{"line":6,"column":39}},"4":{"start":{"line":7,"column":8},"end":{"line":7,"column":29}},"5":{"start":{"line":8,"column":8},"end":{"line":8,"column":31}},"6":{"start":{"line":9,"column":8},"end":{"line":9,"column":32}},"7":{"start":{"line":10,"column":8},"end":{"line":10,"column":31}},"8":{"start":{"line":11,"column":8},"end":{"line":11,"column":43}},"9":{"start":{"line":12,"column":8},"end":{"line":12,"column":46}},"10":{"start":{"line":14,"column":4},"end":{"line":22,"column":7}},"11":{"start":{"line":15,"column":23},"end":{"line":15,"column":35}},"12":{"start":{"line":16,"column":25},"end":{"line":16,"column":39}},"13":{"start":{"line":17,"column":8},"end":{"line":17,"column":29}},"14":{"start":{"line":18,"column":8},"end":{"line":18,"column":30}},"15":{"start":{"line":19,"column":8},"end":{"line":19,"column":32}},"16":{"start":{"line":20,"column":8},"end":{"line":20,"column":30}},"17":{"start":{"line":21,"column":8},"end":{"line":21,"column":43}},"18":{"start":{"line":23,"column":4},"end":{"line":28,"column":7}},"19":{"start":{"line":24,"column":23},"end":{"line":24,"column":35}},"20":{"start":{"line":25,"column":25},"end":{"line":25,"column":39}},"21":{"start":{"line":26,"column":8},"end":{"line":26,"column":32}},"22":{"start":{"line":27,"column":8},"end":{"line":27,"column":51}}},"fnMap":{"0":{"name":"(anonymous_0)","decl":{"start":{"line":3,"column":31},"end":{"line":3,"column":32}},"loc":{"start":{"line":3,"column":37},"end":{"line":29,"column":1}},"line":3},"1":{"name":"(anonymous_1)","decl":{"start":{"line":4,"column":68},"end":{"line":4,"column":69}},"loc":{"start":{"line":4,"column":74},"end":{"line":13,"column":5}},"line":4},"2":{"name":"(anonymous_2)","decl":{"start":{"line":14,"column":68},"end":{"line":14,"column":69}},"loc":{"start":{"line":14,"column":74},"end":{"line":22,"column":5}},"line":14},"3":{"name":"(anonymous_3)","decl":{"start":{"line":23,"column":69},"end":{"line":23,"column":70}},"loc":{"start":{"line":23,"column":75},"end":{"line":28,"column":5}},"line":23}},"branchMap":{},"s":{"0":1,"1":1,"2":1,"3":1,"4":1,"5":1,"6":1,"7":1,"8":1,"9":1,"10":1,"11":1,"12":1,"13":1,"14":1,"15":1,"16":1,"17":1,"18":1,"19":1,"20":1,"21":1,"22":1},"f":{"0":1,"1":1,"2":1,"3":1},"b":{},"_coverageSchema":"1a1c01bbd47fc00a2c39e90264f33305004495a9","hash":"5a87305974ef6a31c6b791281a72aef697236a59","contentHash":"a8b4912183165cfe822ba1a2bb010985eca3efa35ead2e04de3e1b4c390ee3ec"},"C:\\Users\\evano\\WebstormProjects\\JavascriptKata\\dist\\test\\folder_1\\test_kata_16.spec.js":{"path":"C:\\Users\\evano\\WebstormProjects\\JavascriptKata\\dist\\test\\folder_1\\test_kata_16.spec.js","statementMap":{"0":{"start":{"line":3,"column":0},"end":{"line":26,"column":3}},"1":{"start":{"line":4,"column":4},"end":{"line":6,"column":7}},"2":{"start":{"line":5,"column":8},"end":{"line":5,"column":50}},"3":{"start":{"line":7,"column":4},"end":{"line":11,"column":7}},"4":{"start":{"line":8,"column":24},"end":{"line":8,"column":52}},"5":{"start":{"line":9,"column":8},"end":{"line":9,"column":47}},"6":{"start":{"line":10,"column":8},"end":{"line":10,"column":44}},"7":{"start":{"line":12,"column":4},"end":{"line":18,"column":7}},"8":{"start":{"line":13,"column":23},"end":{"line":13,"column":44}},"9":{"start":{"line":14,"column":8},"end":{"line":14,"column":24}},"10":{"start":{"line":15,"column":25},"end":{"line":15,"column":40}},"11":{"start":{"line":16,"column":8},"end":{"line":16,"column":48}},"12":{"start":{"line":17,"column":8},"end":{"line":17,"column":45}},"13":{"start":{"line":19,"column":4},"end":{"line":25,"column":7}},"14":{"start":{"line":20,"column":23},"end":{"line":20,"column":44}},"15":{"start":{"line":21,"column":26},"end":{"line":21,"column":41}},"16":{"start":{"line":22,"column":27},"end":{"line":22,"column":42}},"17":{"start":{"line":23,"column":26},"end":{"line":23,"column":41}},"18":{"start":{"line":24,"column":8},"end":{"line":24,"column":43}}},"fnMap":{"0":{"name":"(anonymous_0)","decl":{"start":{"line":3,"column":33},"end":{"line":3,"column":34}},"loc":{"start":{"line":3,"column":45},"end":{"line":26,"column":1}},"line":3},"1":{"name":"(anonymous_1)","decl":{"start":{"line":4,"column":36},"end":{"line":4,"column":37}},"loc":{"start":{"line":4,"column":48},"end":{"line":6,"column":5}},"line":4},"2":{"name":"(anonymous_2)","decl":{"start":{"line":7,"column":61},"end":{"line":7,"column":62}},"loc":{"start":{"line":7,"column":67},"end":{"line":11,"column":5}},"line":7},"3":{"name":"(anonymous_3)","decl":{"start":{"line":12,"column":76},"end":{"line":12,"column":77}},"loc":{"start":{"line":12,"column":82},"end":{"line":18,"column":5}},"line":12},"4":{"name":"(anonymous_4)","decl":{"start":{"line":19,"column":78},"end":{"line":19,"column":79}},"loc":{"start":{"line":19,"column":84},"end":{"line":25,"column":5}},"line":19}},"branchMap":{},"s":{"0":1,"1":1,"2":1,"3":1,"4":1,"5":1,"6":1,"7":1,"8":1,"9":1,"10":1,"11":1,"12":1,"13":1,"14":1,"15":1,"16":1,"17":1,"18":1},"f":{"0":1,"1":1,"2":1,"3":1,"4":1},"b":{},"_coverageSchema":"1a1c01bbd47fc00a2c39e90264f33305004495a9","hash":"c0068f3a9552c82d763759e00107fb31e3ba87e5","contentHash":"890a53c84376d1491ff95394447beae30aaf057a48b48605e9e8660a6cda6362"},"C:\\Users\\evano\\WebstormProjects\\JavascriptKata\\dist\\test\\folder_1\\test_kata_17.spec.js":{"path":"C:\\Users\\evano\\WebstormProjects\\JavascriptKata\\dist\\test\\folder_1\\test_kata_17.spec.js","statementMap":{"0":{"start":{"line":3,"column":0},"end":{"line":44,"column":3}},"1":{"start":{"line":4,"column":4},"end":{"line":12,"column":7}},"2":{"start":{"line":5,"column":25},"end":{"line":9,"column":9}},"3":{"start":{"line":10,"column":26},"end":{"line":10,"column":41}},"4":{"start":{"line":11,"column":8},"end":{"line":11,"column":35}},"5":{"start":{"line":13,"column":4},"end":{"line":28,"column":8}},"6":{"start":{"line":19,"column":41},"end":{"line":28,"column":6}},"7":{"start":{"line":21,"column":25},"end":{"line":25,"column":9}},"8":{"start":{"line":26,"column":26},"end":{"line":26,"column":41}},"9":{"start":{"line":27,"column":8},"end":{"line":27,"column":48}},"10":{"start":{"line":29,"column":4},"end":{"line":43,"column":8}},"11":{"start":{"line":35,"column":40},"end":{"line":43,"column":6}},"12":{"start":{"line":36,"column":25},"end":{"line":40,"column":9}},"13":{"start":{"line":41,"column":26},"end":{"line":41,"column":41}},"14":{"start":{"line":42,"column":8},"end":{"line":42,"column":67}}},"fnMap":{"0":{"name":"(anonymous_0)","decl":{"start":{"line":3,"column":25},"end":{"line":3,"column":26}},"loc":{"start":{"line":3,"column":37},"end":{"line":44,"column":1}},"line":3},"1":{"name":"(anonymous_1)","decl":{"start":{"line":4,"column":116},"end":{"line":4,"column":117}},"loc":{"start":{"line":4,"column":128},"end":{"line":12,"column":5}},"line":4},"2":{"name":"(anonymous_2)","decl":{"start":{"line":19,"column":14},"end":{"line":19,"column":15}},"loc":{"start":{"line":19,"column":41},"end":{"line":28,"column":6}},"line":19},"3":{"name":"(anonymous_3)","decl":{"start":{"line":20,"column":37},"end":{"line":20,"column":38}},"loc":{"start":{"line":20,"column":49},"end":{"line":28,"column":5}},"line":20},"4":{"name":"(anonymous_4)","decl":{"start":{"line":35,"column":14},"end":{"line":35,"column":15}},"loc":{"start":{"line":35,"column":40},"end":{"line":43,"column":6}},"line":35},"5":{"name":"(anonymous_5)","decl":{"start":{"line":35,"column":163},"end":{"line":35,"column":164}},"loc":{"start":{"line":35,"column":175},"end":{"line":43,"column":5}},"line":35}},"branchMap":{},"s":{"0":1,"1":1,"2":1,"3":1,"4":1,"5":1,"6":5,"7":5,"8":5,"9":5,"10":1,"11":5,"12":5,"13":5,"14":5},"f":{"0":1,"1":1,"2":5,"3":5,"4":5,"5":5},"b":{},"_coverageSchema":"1a1c01bbd47fc00a2c39e90264f33305004495a9","hash":"cb5642102481fe47a9d6c60fbdb2c9af501dde23","contentHash":"d67857fcd4cb1a8fdea1beadbe5367dac794502942d1172d3ef2a9da1b863c05"},"C:\\Users\\evano\\WebstormProjects\\JavascriptKata\\dist\\test\\folder_1\\test_kata_18.spec.js":{"path":"C:\\Users\\evano\\WebstormProjects\\JavascriptKata\\dist\\test\\folder_1\\test_kata_18.spec.js","statementMap":{"0":{"start":{"line":3,"column":0},"end":{"line":29,"column":3}},"1":{"start":{"line":4,"column":4},"end":{"line":13,"column":7}},"2":{"start":{"line":5,"column":23},"end":{"line":5,"column":35}},"3":{"start":{"line":6,"column":25},"end":{"line":6,"column":39}},"4":{"start":{"line":7,"column":8},"end":{"line":7,"column":29}},"5":{"start":{"line":8,"column":8},"end":{"line":8,"column":31}},"6":{"start":{"line":9,"column":8},"end":{"line":9,"column":32}},"7":{"start":{"line":10,"column":8},"end":{"line":10,"column":31}},"8":{"start":{"line":11,"column":8},"end":{"line":11,"column":43}},"9":{"start":{"line":12,"column":8},"end":{"line":12,"column":46}},"10":{"start":{"line":14,"column":4},"end":{"line":22,"column":7}},"11":{"start":{"line":15,"column":23},"end":{"line":15,"column":35}},"12":{"start":{"line":16,"column":25},"end":{"line":16,"column":39}},"13":{"start":{"line":17,"column":8},"end":{"line":17,"column":29}},"14":{"start":{"line":18,"column":8},"end":{"line":18,"column":30}},"15":{"start":{"line":19,"column":8},"end":{"line":19,"column":32}},"16":{"start":{"line":20,"column":8},"end":{"line":20,"column":30}},"17":{"start":{"line":21,"column":8},"end":{"line":21,"column":43}},"18":{"start":{"line":23,"column":4},"end":{"line":28,"column":7}},"19":{"start":{"line":24,"column":23},"end":{"line":24,"column":35}},"20":{"start":{"line":25,"column":25},"end":{"line":25,"column":39}},"21":{"start":{"line":26,"column":8},"end":{"line":26,"column":32}},"22":{"start":{"line":27,"column":8},"end":{"line":27,"column":51}}},"fnMap":{"0":{"name":"(anonymous_0)","decl":{"start":{"line":3,"column":30},"end":{"line":3,"column":31}},"loc":{"start":{"line":3,"column":36},"end":{"line":29,"column":1}},"line":3},"1":{"name":"(anonymous_1)","decl":{"start":{"line":4,"column":68},"end":{"line":4,"column":69}},"loc":{"start":{"line":4,"column":74},"end":{"line":13,"column":5}},"line":4},"2":{"name":"(anonymous_2)","decl":{"start":{"line":14,"column":68},"end":{"line":14,"column":69}},"loc":{"start":{"line":14,"column":74},"end":{"line":22,"column":5}},"line":14},"3":{"name":"(anonymous_3)","decl":{"start":{"line":23,"column":69},"end":{"line":23,"column":70}},"loc":{"start":{"line":23,"column":75},"end":{"line":28,"column":5}},"line":23}},"branchMap":{},"s":{"0":1,"1":1,"2":1,"3":1,"4":1,"5":1,"6":1,"7":1,"8":1,"9":1,"10":1,"11":1,"12":1,"13":1,"14":1,"15":1,"16":1,"17":1,"18":1,"19":1,"20":1,"21":1,"22":1},"f":{"0":1,"1":1,"2":1,"3":1},"b":{},"_coverageSchema":"1a1c01bbd47fc00a2c39e90264f33305004495a9","hash":"2c3486ce34ab73dec9173639bd5fd46f22bd8442","contentHash":"6cf5533c08903f34851dcfd248695730133554a4b0a47962f6558a882c6e603e"},"C:\\Users\\evano\\WebstormProjects\\JavascriptKata\\dist\\test\\folder_1\\test_kata_19.spec.js":{"path":"C:\\Users\\evano\\WebstormProjects\\JavascriptKata\\dist\\test\\folder_1\\test_kata_19.spec.js","statementMap":{"0":{"start":{"line":3,"column":0},"end":{"line":29,"column":3}},"1":{"start":{"line":4,"column":4},"end":{"line":13,"column":7}},"2":{"start":{"line":5,"column":23},"end":{"line":5,"column":35}},"3":{"start":{"line":6,"column":25},"end":{"line":6,"column":39}},"4":{"start":{"line":7,"column":8},"end":{"line":7,"column":29}},"5":{"start":{"line":8,"column":8},"end":{"line":8,"column":31}},"6":{"start":{"line":9,"column":8},"end":{"line":9,"column":32}},"7":{"start":{"line":10,"column":8},"end":{"line":10,"column":31}},"8":{"start":{"line":11,"column":8},"end":{"line":11,"column":43}},"9":{"start":{"line":12,"column":8},"end":{"line":12,"column":46}},"10":{"start":{"line":14,"column":4},"end":{"line":22,"column":7}},"11":{"start":{"line":15,"column":23},"end":{"line":15,"column":35}},"12":{"start":{"line":16,"column":25},"end":{"line":16,"column":39}},"13":{"start":{"line":17,"column":8},"end":{"line":17,"column":29}},"14":{"start":{"line":18,"column":8},"end":{"line":18,"column":30}},"15":{"start":{"line":19,"column":8},"end":{"line":19,"column":32}},"16":{"start":{"line":20,"column":8},"end":{"line":20,"column":30}},"17":{"start":{"line":21,"column":8},"end":{"line":21,"column":43}},"18":{"start":{"line":23,"column":4},"end":{"line":28,"column":7}},"19":{"start":{"line":24,"column":23},"end":{"line":24,"column":35}},"20":{"start":{"line":25,"column":25},"end":{"line":25,"column":39}},"21":{"start":{"line":26,"column":8},"end":{"line":26,"column":32}},"22":{"start":{"line":27,"column":8},"end":{"line":27,"column":51}},"23":{"start":{"line":30,"column":0},"end":{"line":56,"column":3}},"24":{"start":{"line":31,"column":4},"end":{"line":40,"column":7}},"25":{"start":{"line":32,"column":23},"end":{"line":32,"column":36}},"26":{"start":{"line":33,"column":25},"end":{"line":33,"column":40}},"27":{"start":{"line":34,"column":8},"end":{"line":34,"column":29}},"28":{"start":{"line":35,"column":8},"end":{"line":35,"column":31}},"29":{"start":{"line":36,"column":8},"end":{"line":36,"column":32}},"30":{"start":{"line":37,"column":8},"end":{"line":37,"column":31}},"31":{"start":{"line":38,"column":8},"end":{"line":38,"column":43}},"32":{"start":{"line":39,"column":8},"end":{"line":39,"column":46}},"33":{"start":{"line":41,"column":4},"end":{"line":49,"column":7}},"34":{"start":{"line":42,"column":23},"end":{"line":42,"column":36}},"35":{"start":{"line":43,"column":25},"end":{"line":43,"column":40}},"36":{"start":{"line":44,"column":8},"end":{"line":44,"column":29}},"37":{"start":{"line":45,"column":8},"end":{"line":45,"column":30}},"38":{"start":{"line":46,"column":8},"end":{"line":46,"column":32}},"39":{"start":{"line":47,"column":8},"end":{"line":47,"column":30}},"40":{"start":{"line":48,"column":8},"end":{"line":48,"column":43}},"41":{"start":{"line":50,"column":4},"end":{"line":55,"column":7}},"42":{"start":{"line":51,"column":23},"end":{"line":51,"column":36}},"43":{"start":{"line":52,"column":25},"end":{"line":52,"column":40}},"44":{"start":{"line":53,"column":8},"end":{"line":53,"column":32}},"45":{"start":{"line":54,"column":8},"end":{"line":54,"column":51}},"46":{"start":{"line":57,"column":0},"end":{"line":83,"column":3}},"47":{"start":{"line":58,"column":4},"end":{"line":67,"column":7}},"48":{"start":{"line":59,"column":23},"end":{"line":59,"column":36}},"49":{"start":{"line":60,"column":25},"end":{"line":60,"column":40}},"50":{"start":{"line":61,"column":8},"end":{"line":61,"column":29}},"51":{"start":{"line":62,"column":8},"end":{"line":62,"column":31}},"52":{"start":{"line":63,"column":8},"end":{"line":63,"column":32}},"53":{"start":{"line":64,"column":8},"end":{"line":64,"column":31}},"54":{"start":{"line":65,"column":8},"end":{"line":65,"column":43}},"55":{"start":{"line":66,"column":8},"end":{"line":66,"column":46}},"56":{"start":{"line":68,"column":4},"end":{"line":76,"column":7}},"57":{"start":{"line":69,"column":23},"end":{"line":69,"column":36}},"58":{"start":{"line":70,"column":25},"end":{"line":70,"column":40}},"59":{"start":{"line":71,"column":8},"end":{"line":71,"column":29}},"60":{"start":{"line":72,"column":8},"end":{"line":72,"column":30}},"61":{"start":{"line":73,"column":8},"end":{"line":73,"column":32}},"62":{"start":{"line":74,"column":8},"end":{"line":74,"column":30}},"63":{"start":{"line":75,"column":8},"end":{"line":75,"column":43}},"64":{"start":{"line":77,"column":4},"end":{"line":82,"column":7}},"65":{"start":{"line":78,"column":23},"end":{"line":78,"column":36}},"66":{"start":{"line":79,"column":25},"end":{"line":79,"column":40}},"67":{"start":{"line":80,"column":8},"end":{"line":80,"column":32}},"68":{"start":{"line":81,"column":8},"end":{"line":81,"column":51}},"69":{"start":{"line":84,"column":0},"end":{"line":110,"column":3}},"70":{"start":{"line":85,"column":4},"end":{"line":94,"column":7}},"71":{"start":{"line":86,"column":23},"end":{"line":86,"column":36}},"72":{"start":{"line":87,"column":25},"end":{"line":87,"column":40}},"73":{"start":{"line":88,"column":8},"end":{"line":88,"column":29}},"74":{"start":{"line":89,"column":8},"end":{"line":89,"column":31}},"75":{"start":{"line":90,"column":8},"end":{"line":90,"column":32}},"76":{"start":{"line":91,"column":8},"end":{"line":91,"column":31}},"77":{"start":{"line":92,"column":8},"end":{"line":92,"column":43}},"78":{"start":{"line":93,"column":8},"end":{"line":93,"column":46}},"79":{"start":{"line":95,"column":4},"end":{"line":103,"column":7}},"80":{"start":{"line":96,"column":23},"end":{"line":96,"column":36}},"81":{"start":{"line":97,"column":25},"end":{"line":97,"column":40}},"82":{"start":{"line":98,"column":8},"end":{"line":98,"column":29}},"83":{"start":{"line":99,"column":8},"end":{"line":99,"column":30}},"84":{"start":{"line":100,"column":8},"end":{"line":100,"column":32}},"85":{"start":{"line":101,"column":8},"end":{"line":101,"column":30}},"86":{"start":{"line":102,"column":8},"end":{"line":102,"column":43}},"87":{"start":{"line":104,"column":4},"end":{"line":109,"column":7}},"88":{"start":{"line":105,"column":23},"end":{"line":105,"column":36}},"89":{"start":{"line":106,"column":25},"end":{"line":106,"column":40}},"90":{"start":{"line":107,"column":8},"end":{"line":107,"column":32}},"91":{"start":{"line":108,"column":8},"end":{"line":108,"column":51}},"92":{"start":{"line":111,"column":0},"end":{"line":137,"column":3}},"93":{"start":{"line":112,"column":4},"end":{"line":121,"column":7}},"94":{"start":{"line":113,"column":23},"end":{"line":113,"column":36}},"95":{"start":{"line":114,"column":25},"end":{"line":114,"column":40}},"96":{"start":{"line":115,"column":8},"end":{"line":115,"column":29}},"97":{"start":{"line":116,"column":8},"end":{"line":116,"column":31}},"98":{"start":{"line":117,"column":8},"end":{"line":117,"column":32}},"99":{"start":{"line":118,"column":8},"end":{"line":118,"column":31}},"100":{"start":{"line":119,"column":8},"end":{"line":119,"column":43}},"101":{"start":{"line":120,"column":8},"end":{"line":120,"column":46}},"102":{"start":{"line":122,"column":4},"end":{"line":130,"column":7}},"103":{"start":{"line":123,"column":23},"end":{"line":123,"column":36}},"104":{"start":{"line":124,"column":25},"end":{"line":124,"column":40}},"105":{"start":{"line":125,"column":8},"end":{"line":125,"column":29}},"106":{"start":{"line":126,"column":8},"end":{"line":126,"column":30}},"107":{"start":{"line":127,"column":8},"end":{"line":127,"column":32}},"108":{"start":{"line":128,"column":8},"end":{"line":128,"column":30}},"109":{"start":{"line":129,"column":8},"end":{"line":129,"column":43}},"110":{"start":{"line":131,"column":4},"end":{"line":136,"column":7}},"111":{"start":{"line":132,"column":23},"end":{"line":132,"column":36}},"112":{"start":{"line":133,"column":25},"end":{"line":133,"column":40}},"113":{"start":{"line":134,"column":8},"end":{"line":134,"column":32}},"114":{"start":{"line":135,"column":8},"end":{"line":135,"column":51}},"115":{"start":{"line":138,"column":0},"end":{"line":164,"column":3}},"116":{"start":{"line":139,"column":4},"end":{"line":148,"column":7}},"117":{"start":{"line":140,"column":23},"end":{"line":140,"column":36}},"118":{"start":{"line":141,"column":25},"end":{"line":141,"column":40}},"119":{"start":{"line":142,"column":8},"end":{"line":142,"column":29}},"120":{"start":{"line":143,"column":8},"end":{"line":143,"column":31}},"121":{"start":{"line":144,"column":8},"end":{"line":144,"column":32}},"122":{"start":{"line":145,"column":8},"end":{"line":145,"column":31}},"123":{"start":{"line":146,"column":8},"end":{"line":146,"column":43}},"124":{"start":{"line":147,"column":8},"end":{"line":147,"column":46}},"125":{"start":{"line":149,"column":4},"end":{"line":157,"column":7}},"126":{"start":{"line":150,"column":23},"end":{"line":150,"column":36}},"127":{"start":{"line":151,"column":25},"end":{"line":151,"column":40}},"128":{"start":{"line":152,"column":8},"end":{"line":152,"column":29}},"129":{"start":{"line":153,"column":8},"end":{"line":153,"column":30}},"130":{"start":{"line":154,"column":8},"end":{"line":154,"column":32}},"131":{"start":{"line":155,"column":8},"end":{"line":155,"column":30}},"132":{"start":{"line":156,"column":8},"end":{"line":156,"column":43}},"133":{"start":{"line":158,"column":4},"end":{"line":163,"column":7}},"134":{"start":{"line":159,"column":23},"end":{"line":159,"column":36}},"135":{"start":{"line":160,"column":25},"end":{"line":160,"column":40}},"136":{"start":{"line":161,"column":8},"end":{"line":161,"column":32}},"137":{"start":{"line":162,"column":8},"end":{"line":162,"column":51}},"138":{"start":{"line":165,"column":0},"end":{"line":191,"column":3}},"139":{"start":{"line":166,"column":4},"end":{"line":175,"column":7}},"140":{"start":{"line":167,"column":23},"end":{"line":167,"column":36}},"141":{"start":{"line":168,"column":25},"end":{"line":168,"column":40}},"142":{"start":{"line":169,"column":8},"end":{"line":169,"column":29}},"143":{"start":{"line":170,"column":8},"end":{"line":170,"column":31}},"144":{"start":{"line":171,"column":8},"end":{"line":171,"column":32}},"145":{"start":{"line":172,"column":8},"end":{"line":172,"column":31}},"146":{"start":{"line":173,"column":8},"end":{"line":173,"column":43}},"147":{"start":{"line":174,"column":8},"end":{"line":174,"column":46}},"148":{"start":{"line":176,"column":4},"end":{"line":184,"column":7}},"149":{"start":{"line":177,"column":23},"end":{"line":177,"column":36}},"150":{"start":{"line":178,"column":25},"end":{"line":178,"column":40}},"151":{"start":{"line":179,"column":8},"end":{"line":179,"column":29}},"152":{"start":{"line":180,"column":8},"end":{"line":180,"column":30}},"153":{"start":{"line":181,"column":8},"end":{"line":181,"column":32}},"154":{"start":{"line":182,"column":8},"end":{"line":182,"column":30}},"155":{"start":{"line":183,"column":8},"end":{"line":183,"column":43}},"156":{"start":{"line":185,"column":4},"end":{"line":190,"column":7}},"157":{"start":{"line":186,"column":23},"end":{"line":186,"column":36}},"158":{"start":{"line":187,"column":25},"end":{"line":187,"column":40}},"159":{"start":{"line":188,"column":8},"end":{"line":188,"column":32}},"160":{"start":{"line":189,"column":8},"end":{"line":189,"column":51}},"161":{"start":{"line":192,"column":0},"end":{"line":218,"column":3}},"162":{"start":{"line":193,"column":4},"end":{"line":202,"column":7}},"163":{"start":{"line":194,"column":23},"end":{"line":194,"column":36}},"164":{"start":{"line":195,"column":25},"end":{"line":195,"column":40}},"165":{"start":{"line":196,"column":8},"end":{"line":196,"column":29}},"166":{"start":{"line":197,"column":8},"end":{"line":197,"column":31}},"167":{"start":{"line":198,"column":8},"end":{"line":198,"column":32}},"168":{"start":{"line":199,"column":8},"end":{"line":199,"column":31}},"169":{"start":{"line":200,"column":8},"end":{"line":200,"column":43}},"170":{"start":{"line":201,"column":8},"end":{"line":201,"column":46}},"171":{"start":{"line":203,"column":4},"end":{"line":211,"column":7}},"172":{"start":{"line":204,"column":23},"end":{"line":204,"column":36}},"173":{"start":{"line":205,"column":25},"end":{"line":205,"column":40}},"174":{"start":{"line":206,"column":8},"end":{"line":206,"column":29}},"175":{"start":{"line":207,"column":8},"end":{"line":207,"column":30}},"176":{"start":{"line":208,"column":8},"end":{"line":208,"column":32}},"177":{"start":{"line":209,"column":8},"end":{"line":209,"column":30}},"178":{"start":{"line":210,"column":8},"end":{"line":210,"column":43}},"179":{"start":{"line":212,"column":4},"end":{"line":217,"column":7}},"180":{"start":{"line":213,"column":23},"end":{"line":213,"column":36}},"181":{"start":{"line":214,"column":25},"end":{"line":214,"column":40}},"182":{"start":{"line":215,"column":8},"end":{"line":215,"column":32}},"183":{"start":{"line":216,"column":8},"end":{"line":216,"column":51}},"184":{"start":{"line":219,"column":0},"end":{"line":245,"column":3}},"185":{"start":{"line":220,"column":4},"end":{"line":229,"column":7}},"186":{"start":{"line":221,"column":23},"end":{"line":221,"column":36}},"187":{"start":{"line":222,"column":25},"end":{"line":222,"column":40}},"188":{"start":{"line":223,"column":8},"end":{"line":223,"column":29}},"189":{"start":{"line":224,"column":8},"end":{"line":224,"column":31}},"190":{"start":{"line":225,"column":8},"end":{"line":225,"column":32}},"191":{"start":{"line":226,"column":8},"end":{"line":226,"column":31}},"192":{"start":{"line":227,"column":8},"end":{"line":227,"column":43}},"193":{"start":{"line":228,"column":8},"end":{"line":228,"column":46}},"194":{"start":{"line":230,"column":4},"end":{"line":238,"column":7}},"195":{"start":{"line":231,"column":23},"end":{"line":231,"column":36}},"196":{"start":{"line":232,"column":25},"end":{"line":232,"column":40}},"197":{"start":{"line":233,"column":8},"end":{"line":233,"column":29}},"198":{"start":{"line":234,"column":8},"end":{"line":234,"column":30}},"199":{"start":{"line":235,"column":8},"end":{"line":235,"column":32}},"200":{"start":{"line":236,"column":8},"end":{"line":236,"column":30}},"201":{"start":{"line":237,"column":8},"end":{"line":237,"column":43}},"202":{"start":{"line":239,"column":4},"end":{"line":244,"column":7}},"203":{"start":{"line":240,"column":23},"end":{"line":240,"column":36}},"204":{"start":{"line":241,"column":25},"end":{"line":241,"column":40}},"205":{"start":{"line":242,"column":8},"end":{"line":242,"column":32}},"206":{"start":{"line":243,"column":8},"end":{"line":243,"column":51}},"207":{"start":{"line":246,"column":0},"end":{"line":272,"column":3}},"208":{"start":{"line":247,"column":4},"end":{"line":256,"column":7}},"209":{"start":{"line":248,"column":23},"end":{"line":248,"column":37}},"210":{"start":{"line":249,"column":25},"end":{"line":249,"column":41}},"211":{"start":{"line":250,"column":8},"end":{"line":250,"column":29}},"212":{"start":{"line":251,"column":8},"end":{"line":251,"column":31}},"213":{"start":{"line":252,"column":8},"end":{"line":252,"column":32}},"214":{"start":{"line":253,"column":8},"end":{"line":253,"column":31}},"215":{"start":{"line":254,"column":8},"end":{"line":254,"column":43}},"216":{"start":{"line":255,"column":8},"end":{"line":255,"column":46}},"217":{"start":{"line":257,"column":4},"end":{"line":265,"column":7}},"218":{"start":{"line":258,"column":23},"end":{"line":258,"column":37}},"219":{"start":{"line":259,"column":25},"end":{"line":259,"column":41}},"220":{"start":{"line":260,"column":8},"end":{"line":260,"column":29}},"221":{"start":{"line":261,"column":8},"end":{"line":261,"column":30}},"222":{"start":{"line":262,"column":8},"end":{"line":262,"column":32}},"223":{"start":{"line":263,"column":8},"end":{"line":263,"column":30}},"224":{"start":{"line":264,"column":8},"end":{"line":264,"column":43}},"225":{"start":{"line":266,"column":4},"end":{"line":271,"column":7}},"226":{"start":{"line":267,"column":23},"end":{"line":267,"column":37}},"227":{"start":{"line":268,"column":25},"end":{"line":268,"column":41}},"228":{"start":{"line":269,"column":8},"end":{"line":269,"column":32}},"229":{"start":{"line":270,"column":8},"end":{"line":270,"column":51}},"230":{"start":{"line":273,"column":0},"end":{"line":299,"column":3}},"231":{"start":{"line":274,"column":4},"end":{"line":283,"column":7}},"232":{"start":{"line":275,"column":23},"end":{"line":275,"column":37}},"233":{"start":{"line":276,"column":25},"end":{"line":276,"column":41}},"234":{"start":{"line":277,"column":8},"end":{"line":277,"column":29}},"235":{"start":{"line":278,"column":8},"end":{"line":278,"column":31}},"236":{"start":{"line":279,"column":8},"end":{"line":279,"column":32}},"237":{"start":{"line":280,"column":8},"end":{"line":280,"column":31}},"238":{"start":{"line":281,"column":8},"end":{"line":281,"column":43}},"239":{"start":{"line":282,"column":8},"end":{"line":282,"column":46}},"240":{"start":{"line":284,"column":4},"end":{"line":292,"column":7}},"241":{"start":{"line":285,"column":23},"end":{"line":285,"column":37}},"242":{"start":{"line":286,"column":25},"end":{"line":286,"column":41}},"243":{"start":{"line":287,"column":8},"end":{"line":287,"column":29}},"244":{"start":{"line":288,"column":8},"end":{"line":288,"column":30}},"245":{"start":{"line":289,"column":8},"end":{"line":289,"column":32}},"246":{"start":{"line":290,"column":8},"end":{"line":290,"column":30}},"247":{"start":{"line":291,"column":8},"end":{"line":291,"column":43}},"248":{"start":{"line":293,"column":4},"end":{"line":298,"column":7}},"249":{"start":{"line":294,"column":23},"end":{"line":294,"column":37}},"250":{"start":{"line":295,"column":25},"end":{"line":295,"column":41}},"251":{"start":{"line":296,"column":8},"end":{"line":296,"column":32}},"252":{"start":{"line":297,"column":8},"end":{"line":297,"column":51}},"253":{"start":{"line":300,"column":0},"end":{"line":326,"column":3}},"254":{"start":{"line":301,"column":4},"end":{"line":310,"column":7}},"255":{"start":{"line":302,"column":23},"end":{"line":302,"column":37}},"256":{"start":{"line":303,"column":25},"end":{"line":303,"column":41}},"257":{"start":{"line":304,"column":8},"end":{"line":304,"column":29}},"258":{"start":{"line":305,"column":8},"end":{"line":305,"column":31}},"259":{"start":{"line":306,"column":8},"end":{"line":306,"column":32}},"260":{"start":{"line":307,"column":8},"end":{"line":307,"column":31}},"261":{"start":{"line":308,"column":8},"end":{"line":308,"column":43}},"262":{"start":{"line":309,"column":8},"end":{"line":309,"column":46}},"263":{"start":{"line":311,"column":4},"end":{"line":319,"column":7}},"264":{"start":{"line":312,"column":23},"end":{"line":312,"column":37}},"265":{"start":{"line":313,"column":25},"end":{"line":313,"column":41}},"266":{"start":{"line":314,"column":8},"end":{"line":314,"column":29}},"267":{"start":{"line":315,"column":8},"end":{"line":315,"column":30}},"268":{"start":{"line":316,"column":8},"end":{"line":316,"column":32}},"269":{"start":{"line":317,"column":8},"end":{"line":317,"column":30}},"270":{"start":{"line":318,"column":8},"end":{"line":318,"column":43}},"271":{"start":{"line":320,"column":4},"end":{"line":325,"column":7}},"272":{"start":{"line":321,"column":23},"end":{"line":321,"column":37}},"273":{"start":{"line":322,"column":25},"end":{"line":322,"column":41}},"274":{"start":{"line":323,"column":8},"end":{"line":323,"column":32}},"275":{"start":{"line":324,"column":8},"end":{"line":324,"column":51}},"276":{"start":{"line":327,"column":0},"end":{"line":353,"column":3}},"277":{"start":{"line":328,"column":4},"end":{"line":337,"column":7}},"278":{"start":{"line":329,"column":23},"end":{"line":329,"column":37}},"279":{"start":{"line":330,"column":25},"end":{"line":330,"column":41}},"280":{"start":{"line":331,"column":8},"end":{"line":331,"column":29}},"281":{"start":{"line":332,"column":8},"end":{"line":332,"column":31}},"282":{"start":{"line":333,"column":8},"end":{"line":333,"column":32}},"283":{"start":{"line":334,"column":8},"end":{"line":334,"column":31}},"284":{"start":{"line":335,"column":8},"end":{"line":335,"column":43}},"285":{"start":{"line":336,"column":8},"end":{"line":336,"column":46}},"286":{"start":{"line":338,"column":4},"end":{"line":346,"column":7}},"287":{"start":{"line":339,"column":23},"end":{"line":339,"column":37}},"288":{"start":{"line":340,"column":25},"end":{"line":340,"column":41}},"289":{"start":{"line":341,"column":8},"end":{"line":341,"column":29}},"290":{"start":{"line":342,"column":8},"end":{"line":342,"column":30}},"291":{"start":{"line":343,"column":8},"end":{"line":343,"column":32}},"292":{"start":{"line":344,"column":8},"end":{"line":344,"column":30}},"293":{"start":{"line":345,"column":8},"end":{"line":345,"column":43}},"294":{"start":{"line":347,"column":4},"end":{"line":352,"column":7}},"295":{"start":{"line":348,"column":23},"end":{"line":348,"column":37}},"296":{"start":{"line":349,"column":25},"end":{"line":349,"column":41}},"297":{"start":{"line":350,"column":8},"end":{"line":350,"column":32}},"298":{"start":{"line":351,"column":8},"end":{"line":351,"column":51}},"299":{"start":{"line":354,"column":0},"end":{"line":380,"column":3}},"300":{"start":{"line":355,"column":4},"end":{"line":364,"column":7}},"301":{"start":{"line":356,"column":23},"end":{"line":356,"column":37}},"302":{"start":{"line":357,"column":25},"end":{"line":357,"column":41}},"303":{"start":{"line":358,"column":8},"end":{"line":358,"column":29}},"304":{"start":{"line":359,"column":8},"end":{"line":359,"column":31}},"305":{"start":{"line":360,"column":8},"end":{"line":360,"column":32}},"306":{"start":{"line":361,"column":8},"end":{"line":361,"column":31}},"307":{"start":{"line":362,"column":8},"end":{"line":362,"column":43}},"308":{"start":{"line":363,"column":8},"end":{"line":363,"column":46}},"309":{"start":{"line":365,"column":4},"end":{"line":373,"column":7}},"310":{"start":{"line":366,"column":23},"end":{"line":366,"column":37}},"311":{"start":{"line":367,"column":25},"end":{"line":367,"column":40}},"312":{"start":{"line":368,"column":8},"end":{"line":368,"column":29}},"313":{"start":{"line":369,"column":8},"end":{"line":369,"column":30}},"314":{"start":{"line":370,"column":8},"end":{"line":370,"column":32}},"315":{"start":{"line":371,"column":8},"end":{"line":371,"column":30}},"316":{"start":{"line":372,"column":8},"end":{"line":372,"column":43}},"317":{"start":{"line":374,"column":4},"end":{"line":379,"column":7}},"318":{"start":{"line":375,"column":23},"end":{"line":375,"column":37}},"319":{"start":{"line":376,"column":25},"end":{"line":376,"column":41}},"320":{"start":{"line":377,"column":8},"end":{"line":377,"column":32}},"321":{"start":{"line":378,"column":8},"end":{"line":378,"column":51}},"322":{"start":{"line":381,"column":0},"end":{"line":407,"column":3}},"323":{"start":{"line":382,"column":4},"end":{"line":391,"column":7}},"324":{"start":{"line":383,"column":23},"end":{"line":383,"column":37}},"325":{"start":{"line":384,"column":25},"end":{"line":384,"column":41}},"326":{"start":{"line":385,"column":8},"end":{"line":385,"column":29}},"327":{"start":{"line":386,"column":8},"end":{"line":386,"column":31}},"328":{"start":{"line":387,"column":8},"end":{"line":387,"column":32}},"329":{"start":{"line":388,"column":8},"end":{"line":388,"column":31}},"330":{"start":{"line":389,"column":8},"end":{"line":389,"column":43}},"331":{"start":{"line":390,"column":8},"end":{"line":390,"column":46}},"332":{"start":{"line":392,"column":4},"end":{"line":400,"column":7}},"333":{"start":{"line":393,"column":23},"end":{"line":393,"column":37}},"334":{"start":{"line":394,"column":25},"end":{"line":394,"column":41}},"335":{"start":{"line":395,"column":8},"end":{"line":395,"column":29}},"336":{"start":{"line":396,"column":8},"end":{"line":396,"column":30}},"337":{"start":{"line":397,"column":8},"end":{"line":397,"column":32}},"338":{"start":{"line":398,"column":8},"end":{"line":398,"column":30}},"339":{"start":{"line":399,"column":8},"end":{"line":399,"column":43}},"340":{"start":{"line":401,"column":4},"end":{"line":406,"column":7}},"341":{"start":{"line":402,"column":23},"end":{"line":402,"column":37}},"342":{"start":{"line":403,"column":25},"end":{"line":403,"column":41}},"343":{"start":{"line":404,"column":8},"end":{"line":404,"column":32}},"344":{"start":{"line":405,"column":8},"end":{"line":405,"column":51}},"345":{"start":{"line":408,"column":0},"end":{"line":434,"column":3}},"346":{"start":{"line":409,"column":4},"end":{"line":418,"column":7}},"347":{"start":{"line":410,"column":23},"end":{"line":410,"column":37}},"348":{"start":{"line":411,"column":25},"end":{"line":411,"column":41}},"349":{"start":{"line":412,"column":8},"end":{"line":412,"column":29}},"350":{"start":{"line":413,"column":8},"end":{"line":413,"column":31}},"351":{"start":{"line":414,"column":8},"end":{"line":414,"column":32}},"352":{"start":{"line":415,"column":8},"end":{"line":415,"column":31}},"353":{"start":{"line":416,"column":8},"end":{"line":416,"column":43}},"354":{"start":{"line":417,"column":8},"end":{"line":417,"column":46}},"355":{"start":{"line":419,"column":4},"end":{"line":427,"column":7}},"356":{"start":{"line":420,"column":23},"end":{"line":420,"column":37}},"357":{"start":{"line":421,"column":25},"end":{"line":421,"column":41}},"358":{"start":{"line":422,"column":8},"end":{"line":422,"column":29}},"359":{"start":{"line":423,"column":8},"end":{"line":423,"column":30}},"360":{"start":{"line":424,"column":8},"end":{"line":424,"column":32}},"361":{"start":{"line":425,"column":8},"end":{"line":425,"column":30}},"362":{"start":{"line":426,"column":8},"end":{"line":426,"column":43}},"363":{"start":{"line":428,"column":4},"end":{"line":433,"column":7}},"364":{"start":{"line":429,"column":23},"end":{"line":429,"column":37}},"365":{"start":{"line":430,"column":25},"end":{"line":430,"column":41}},"366":{"start":{"line":431,"column":8},"end":{"line":431,"column":32}},"367":{"start":{"line":432,"column":8},"end":{"line":432,"column":51}}},"fnMap":{"0":{"name":"(anonymous_0)","decl":{"start":{"line":3,"column":32},"end":{"line":3,"column":33}},"loc":{"start":{"line":3,"column":38},"end":{"line":29,"column":1}},"line":3},"1":{"name":"(anonymous_1)","decl":{"start":{"line":4,"column":68},"end":{"line":4,"column":69}},"loc":{"start":{"line":4,"column":74},"end":{"line":13,"column":5}},"line":4},"2":{"name":"(anonymous_2)","decl":{"start":{"line":14,"column":68},"end":{"line":14,"column":69}},"loc":{"start":{"line":14,"column":74},"end":{"line":22,"column":5}},"line":14},"3":{"name":"(anonymous_3)","decl":{"start":{"line":23,"column":69},"end":{"line":23,"column":70}},"loc":{"start":{"line":23,"column":75},"end":{"line":28,"column":5}},"line":23},"4":{"name":"(anonymous_4)","decl":{"start":{"line":30,"column":34},"end":{"line":30,"column":35}},"loc":{"start":{"line":30,"column":40},"end":{"line":56,"column":1}},"line":30},"5":{"name":"(anonymous_5)","decl":{"start":{"line":31,"column":68},"end":{"line":31,"column":69}},"loc":{"start":{"line":31,"column":74},"end":{"line":40,"column":5}},"line":31},"6":{"name":"(anonymous_6)","decl":{"start":{"line":41,"column":68},"end":{"line":41,"column":69}},"loc":{"start":{"line":41,"column":74},"end":{"line":49,"column":5}},"line":41},"7":{"name":"(anonymous_7)","decl":{"start":{"line":50,"column":69},"end":{"line":50,"column":70}},"loc":{"start":{"line":50,"column":75},"end":{"line":55,"column":5}},"line":50},"8":{"name":"(anonymous_8)","decl":{"start":{"line":57,"column":36},"end":{"line":57,"column":37}},"loc":{"start":{"line":57,"column":42},"end":{"line":83,"column":1}},"line":57},"9":{"name":"(anonymous_9)","decl":{"start":{"line":58,"column":68},"end":{"line":58,"column":69}},"loc":{"start":{"line":58,"column":74},"end":{"line":67,"column":5}},"line":58},"10":{"name":"(anonymous_10)","decl":{"start":{"line":68,"column":68},"end":{"line":68,"column":69}},"loc":{"start":{"line":68,"column":74},"end":{"line":76,"column":5}},"line":68},"11":{"name":"(anonymous_11)","decl":{"start":{"line":77,"column":69},"end":{"line":77,"column":70}},"loc":{"start":{"line":77,"column":75},"end":{"line":82,"column":5}},"line":77},"12":{"name":"(anonymous_12)","decl":{"start":{"line":84,"column":35},"end":{"line":84,"column":36}},"loc":{"start":{"line":84,"column":41},"end":{"line":110,"column":1}},"line":84},"13":{"name":"(anonymous_13)","decl":{"start":{"line":85,"column":68},"end":{"line":85,"column":69}},"loc":{"start":{"line":85,"column":74},"end":{"line":94,"column":5}},"line":85},"14":{"name":"(anonymous_14)","decl":{"start":{"line":95,"column":68},"end":{"line":95,"column":69}},"loc":{"start":{"line":95,"column":74},"end":{"line":103,"column":5}},"line":95},"15":{"name":"(anonymous_15)","decl":{"start":{"line":104,"column":69},"end":{"line":104,"column":70}},"loc":{"start":{"line":104,"column":75},"end":{"line":109,"column":5}},"line":104},"16":{"name":"(anonymous_16)","decl":{"start":{"line":111,"column":35},"end":{"line":111,"column":36}},"loc":{"start":{"line":111,"column":41},"end":{"line":137,"column":1}},"line":111},"17":{"name":"(anonymous_17)","decl":{"start":{"line":112,"column":68},"end":{"line":112,"column":69}},"loc":{"start":{"line":112,"column":74},"end":{"line":121,"column":5}},"line":112},"18":{"name":"(anonymous_18)","decl":{"start":{"line":122,"column":68},"end":{"line":122,"column":69}},"loc":{"start":{"line":122,"column":74},"end":{"line":130,"column":5}},"line":122},"19":{"name":"(anonymous_19)","decl":{"start":{"line":131,"column":69},"end":{"line":131,"column":70}},"loc":{"start":{"line":131,"column":75},"end":{"line":136,"column":5}},"line":131},"20":{"name":"(anonymous_20)","decl":{"start":{"line":138,"column":34},"end":{"line":138,"column":35}},"loc":{"start":{"line":138,"column":40},"end":{"line":164,"column":1}},"line":138},"21":{"name":"(anonymous_21)","decl":{"start":{"line":139,"column":68},"end":{"line":139,"column":69}},"loc":{"start":{"line":139,"column":74},"end":{"line":148,"column":5}},"line":139},"22":{"name":"(anonymous_22)","decl":{"start":{"line":149,"column":68},"end":{"line":149,"column":69}},"loc":{"start":{"line":149,"column":74},"end":{"line":157,"column":5}},"line":149},"23":{"name":"(anonymous_23)","decl":{"start":{"line":158,"column":69},"end":{"line":158,"column":70}},"loc":{"start":{"line":158,"column":75},"end":{"line":163,"column":5}},"line":158},"24":{"name":"(anonymous_24)","decl":{"start":{"line":165,"column":36},"end":{"line":165,"column":37}},"loc":{"start":{"line":165,"column":42},"end":{"line":191,"column":1}},"line":165},"25":{"name":"(anonymous_25)","decl":{"start":{"line":166,"column":68},"end":{"line":166,"column":69}},"loc":{"start":{"line":166,"column":74},"end":{"line":175,"column":5}},"line":166},"26":{"name":"(anonymous_26)","decl":{"start":{"line":176,"column":68},"end":{"line":176,"column":69}},"loc":{"start":{"line":176,"column":74},"end":{"line":184,"column":5}},"line":176},"27":{"name":"(anonymous_27)","decl":{"start":{"line":185,"column":69},"end":{"line":185,"column":70}},"loc":{"start":{"line":185,"column":75},"end":{"line":190,"column":5}},"line":185},"28":{"name":"(anonymous_28)","decl":{"start":{"line":192,"column":36},"end":{"line":192,"column":37}},"loc":{"start":{"line":192,"column":42},"end":{"line":218,"column":1}},"line":192},"29":{"name":"(anonymous_29)","decl":{"start":{"line":193,"column":68},"end":{"line":193,"column":69}},"loc":{"start":{"line":193,"column":74},"end":{"line":202,"column":5}},"line":193},"30":{"name":"(anonymous_30)","decl":{"start":{"line":203,"column":68},"end":{"line":203,"column":69}},"loc":{"start":{"line":203,"column":74},"end":{"line":211,"column":5}},"line":203},"31":{"name":"(anonymous_31)","decl":{"start":{"line":212,"column":69},"end":{"line":212,"column":70}},"loc":{"start":{"line":212,"column":75},"end":{"line":217,"column":5}},"line":212},"32":{"name":"(anonymous_32)","decl":{"start":{"line":219,"column":35},"end":{"line":219,"column":36}},"loc":{"start":{"line":219,"column":41},"end":{"line":245,"column":1}},"line":219},"33":{"name":"(anonymous_33)","decl":{"start":{"line":220,"column":68},"end":{"line":220,"column":69}},"loc":{"start":{"line":220,"column":74},"end":{"line":229,"column":5}},"line":220},"34":{"name":"(anonymous_34)","decl":{"start":{"line":230,"column":68},"end":{"line":230,"column":69}},"loc":{"start":{"line":230,"column":74},"end":{"line":238,"column":5}},"line":230},"35":{"name":"(anonymous_35)","decl":{"start":{"line":239,"column":69},"end":{"line":239,"column":70}},"loc":{"start":{"line":239,"column":75},"end":{"line":244,"column":5}},"line":239},"36":{"name":"(anonymous_36)","decl":{"start":{"line":246,"column":34},"end":{"line":246,"column":35}},"loc":{"start":{"line":246,"column":40},"end":{"line":272,"column":1}},"line":246},"37":{"name":"(anonymous_37)","decl":{"start":{"line":247,"column":68},"end":{"line":247,"column":69}},"loc":{"start":{"line":247,"column":74},"end":{"line":256,"column":5}},"line":247},"38":{"name":"(anonymous_38)","decl":{"start":{"line":257,"column":68},"end":{"line":257,"column":69}},"loc":{"start":{"line":257,"column":74},"end":{"line":265,"column":5}},"line":257},"39":{"name":"(anonymous_39)","decl":{"start":{"line":266,"column":69},"end":{"line":266,"column":70}},"loc":{"start":{"line":266,"column":75},"end":{"line":271,"column":5}},"line":266},"40":{"name":"(anonymous_40)","decl":{"start":{"line":273,"column":37},"end":{"line":273,"column":38}},"loc":{"start":{"line":273,"column":43},"end":{"line":299,"column":1}},"line":273},"41":{"name":"(anonymous_41)","decl":{"start":{"line":274,"column":68},"end":{"line":274,"column":69}},"loc":{"start":{"line":274,"column":74},"end":{"line":283,"column":5}},"line":274},"42":{"name":"(anonymous_42)","decl":{"start":{"line":284,"column":68},"end":{"line":284,"column":69}},"loc":{"start":{"line":284,"column":74},"end":{"line":292,"column":5}},"line":284},"43":{"name":"(anonymous_43)","decl":{"start":{"line":293,"column":69},"end":{"line":293,"column":70}},"loc":{"start":{"line":293,"column":75},"end":{"line":298,"column":5}},"line":293},"44":{"name":"(anonymous_44)","decl":{"start":{"line":300,"column":37},"end":{"line":300,"column":38}},"loc":{"start":{"line":300,"column":43},"end":{"line":326,"column":1}},"line":300},"45":{"name":"(anonymous_45)","decl":{"start":{"line":301,"column":68},"end":{"line":301,"column":69}},"loc":{"start":{"line":301,"column":74},"end":{"line":310,"column":5}},"line":301},"46":{"name":"(anonymous_46)","decl":{"start":{"line":311,"column":68},"end":{"line":311,"column":69}},"loc":{"start":{"line":311,"column":74},"end":{"line":319,"column":5}},"line":311},"47":{"name":"(anonymous_47)","decl":{"start":{"line":320,"column":69},"end":{"line":320,"column":70}},"loc":{"start":{"line":320,"column":75},"end":{"line":325,"column":5}},"line":320},"48":{"name":"(anonymous_48)","decl":{"start":{"line":327,"column":39},"end":{"line":327,"column":40}},"loc":{"start":{"line":327,"column":45},"end":{"line":353,"column":1}},"line":327},"49":{"name":"(anonymous_49)","decl":{"start":{"line":328,"column":68},"end":{"line":328,"column":69}},"loc":{"start":{"line":328,"column":74},"end":{"line":337,"column":5}},"line":328},"50":{"name":"(anonymous_50)","decl":{"start":{"line":338,"column":68},"end":{"line":338,"column":69}},"loc":{"start":{"line":338,"column":74},"end":{"line":346,"column":5}},"line":338},"51":{"name":"(anonymous_51)","decl":{"start":{"line":347,"column":69},"end":{"line":347,"column":70}},"loc":{"start":{"line":347,"column":75},"end":{"line":352,"column":5}},"line":347},"52":{"name":"(anonymous_52)","decl":{"start":{"line":354,"column":39},"end":{"line":354,"column":40}},"loc":{"start":{"line":354,"column":45},"end":{"line":380,"column":1}},"line":354},"53":{"name":"(anonymous_53)","decl":{"start":{"line":355,"column":68},"end":{"line":355,"column":69}},"loc":{"start":{"line":355,"column":74},"end":{"line":364,"column":5}},"line":355},"54":{"name":"(anonymous_54)","decl":{"start":{"line":365,"column":68},"end":{"line":365,"column":69}},"loc":{"start":{"line":365,"column":74},"end":{"line":373,"column":5}},"line":365},"55":{"name":"(anonymous_55)","decl":{"start":{"line":374,"column":69},"end":{"line":374,"column":70}},"loc":{"start":{"line":374,"column":75},"end":{"line":379,"column":5}},"line":374},"56":{"name":"(anonymous_56)","decl":{"start":{"line":381,"column":38},"end":{"line":381,"column":39}},"loc":{"start":{"line":381,"column":44},"end":{"line":407,"column":1}},"line":381},"57":{"name":"(anonymous_57)","decl":{"start":{"line":382,"column":68},"end":{"line":382,"column":69}},"loc":{"start":{"line":382,"column":74},"end":{"line":391,"column":5}},"line":382},"58":{"name":"(anonymous_58)","decl":{"start":{"line":392,"column":68},"end":{"line":392,"column":69}},"loc":{"start":{"line":392,"column":74},"end":{"line":400,"column":5}},"line":392},"59":{"name":"(anonymous_59)","decl":{"start":{"line":401,"column":69},"end":{"line":401,"column":70}},"loc":{"start":{"line":401,"column":75},"end":{"line":406,"column":5}},"line":401},"60":{"name":"(anonymous_60)","decl":{"start":{"line":408,"column":38},"end":{"line":408,"column":39}},"loc":{"start":{"line":408,"column":44},"end":{"line":434,"column":1}},"line":408},"61":{"name":"(anonymous_61)","decl":{"start":{"line":409,"column":68},"end":{"line":409,"column":69}},"loc":{"start":{"line":409,"column":74},"end":{"line":418,"column":5}},"line":409},"62":{"name":"(anonymous_62)","decl":{"start":{"line":419,"column":68},"end":{"line":419,"column":69}},"loc":{"start":{"line":419,"column":74},"end":{"line":427,"column":5}},"line":419},"63":{"name":"(anonymous_63)","decl":{"start":{"line":428,"column":69},"end":{"line":428,"column":70}},"loc":{"start":{"line":428,"column":75},"end":{"line":433,"column":5}},"line":428}},"branchMap":{},"s":{"0":1,"1":1,"2":1,"3":1,"4":1,"5":1,"6":1,"7":1,"8":1,"9":1,"10":1,"11":1,"12":1,"13":1,"14":1,"15":1,"16":1,"17":1,"18":1,"19":1,"20":1,"21":1,"22":1,"23":1,"24":1,"25":1,"26":1,"27":1,"28":1,"29":1,"30":1,"31":1,"32":1,"33":1,"34":1,"35":1,"36":1,"37":1,"38":1,"39":1,"40":1,"41":1,"42":1,"43":1,"44":1,"45":1,"46":1,"47":1,"48":1,"49":1,"50":1,"51":1,"52":1,"53":1,"54":1,"55":1,"56":1,"57":1,"58":1,"59":1,"60":1,"61":1,"62":1,"63":1,"64":1,"65":1,"66":1,"67":1,"68":1,"69":1,"70":1,"71":1,"72":1,"73":1,"74":1,"75":1,"76":1,"77":1,"78":1,"79":1,"80":1,"81":1,"82":1,"83":1,"84":1,"85":1,"86":1,"87":1,"88":1,"89":1,"90":1,"91":1,"92":1,"93":1,"94":1,"95":1,"96":1,"97":1,"98":1,"99":1,"100":1,"101":1,"102":1,"103":1,"104":1,"105":1,"106":1,"107":1,"108":1,"109":1,"110":1,"111":1,"112":1,"113":1,"114":1,"115":1,"116":1,"117":1,"118":1,"119":1,"120":1,"121":1,"122":1,"123":1,"124":1,"125":1,"126":1,"127":1,"128":1,"129":1,"130":1,"131":1,"132":1,"133":1,"134":1,"135":1,"136":1,"137":1,"138":1,"139":1,"140":1,"141":1,"142":1,"143":1,"144":1,"145":1,"146":1,"147":1,"148":1,"149":1,"150":1,"151":1,"152":1,"153":1,"154":1,"155":1,"156":1,"157":1,"158":1,"159":1,"160":1,"161":1,"162":1,"163":1,"164":1,"165":1,"166":1,"167":1,"168":1,"169":1,"170":1,"171":1,"172":1,"173":1,"174":1,"175":1,"176":1,"177":1,"178":1,"179":1,"180":1,"181":1,"182":1,"183":1,"184":1,"185":1,"186":1,"187":1,"188":1,"189":1,"190":1,"191":1,"192":1,"193":1,"194":1,"195":1,"196":1,"197":1,"198":1,"199":1,"200":1,"201":1,"202":1,"203":1,"204":1,"205":1,"206":1,"207":1,"208":1,"209":1,"210":1,"211":1,"212":1,"213":1,"214":1,"215":1,"216":1,"217":1,"218":1,"219":1,"220":1,"221":1,"222":1,"223":1,"224":1,"225":1,"226":1,"227":1,"228":1,"229":1,"230":1,"231":1,"232":1,"233":1,"234":1,"235":1,"236":1,"237":1,"238":1,"239":1,"240":1,"241":1,"242":1,"243":1,"244":1,"245":1,"246":1,"247":1,"248":1,"249":1,"250":1,"251":1,"252":1,"253":1,"254":1,"255":1,"256":1,"257":1,"258":1,"259":1,"260":1,"261":1,"262":1,"263":1,"264":1,"265":1,"266":1,"267":1,"268":1,"269":1,"270":1,"271":1,"272":1,"273":1,"274":1,"275":1,"276":1,"277":1,"278":1,"279":1,"280":1,"281":1,"282":1,"283":1,"284":1,"285":1,"286":1,"287":1,"288":1,"289":1,"290":1,"291":1,"292":1,"293":1,"294":1,"295":1,"296":1,"297":1,"298":1,"299":1,"300":1,"301":1,"302":1,"303":1,"304":1,"305":1,"306":1,"307":1,"308":1,"309":1,"310":1,"311":1,"312":1,"313":1,"314":1,"315":1,"316":1,"317":1,"318":1,"319":1,"320":1,"321":1,"322":1,"323":1,"324":1,"325":1,"326":1,"327":1,"328":1,"329":1,"330":1,"331":1,"332":1,"333":1,"334":1,"335":1,"336":1,"337":1,"338":1,"339":1,"340":1,"341":1,"342":1,"343":1,"344":1,"345":1,"346":1,"347":1,"348":1,"349":1,"350":1,"351":1,"352":1,"353":1,"354":1,"355":1,"356":1,"357":1,"358":1,"359":1,"360":1,"361":1,"362":1,"363":1,"364":1,"365":1,"366":1,"367":1},"f":{"0":1,"1":1,"2":1,"3":1,"4":1,"5":1,"6":1,"7":1,"8":1,"9":1,"10":1,"11":1,"12":1,"13":1,"14":1,"15":1,"16":1,"17":1,"18":1,"19":1,"20":1,"21":1,"22":1,"23":1,"24":1,"25":1,"26":1,"27":1,"28":1,"29":1,"30":1,"31":1,"32":1,"33":1,"34":1,"35":1,"36":1,"37":1,"38":1,"39":1,"40":1,"41":1,"42":1,"43":1,"44":1,"45":1,"46":1,"47":1,"48":1,"49":1,"50":1,"51":1,"52":1,"53":1,"54":1,"55":1,"56":1,"57":1,"58":1,"59":1,"60":1,"61":1,"62":1,"63":1},"b":{},"_coverageSchema":"1a1c01bbd47fc00a2c39e90264f33305004495a9","hash":"c7be461315bbbc793dd28d987bab7250605f649a","contentHash":"ac4595f4256d359a66c6212a995551d63e636f19c2d59a424b3146f51a88dc07"},"C:\\Users\\evano\\WebstormProjects\\JavascriptKata\\dist\\test\\folder_1\\test_kata_2.spec.js":{"path":"C:\\Users\\evano\\WebstormProjects\\JavascriptKata\\dist\\test\\folder_1\\test_kata_2.spec.js","statementMap":{"0":{"start":{"line":3,"column":0},"end":{"line":44,"column":3}},"1":{"start":{"line":4,"column":4},"end":{"line":12,"column":7}},"2":{"start":{"line":5,"column":25},"end":{"line":9,"column":9}},"3":{"start":{"line":10,"column":26},"end":{"line":10,"column":41}},"4":{"start":{"line":11,"column":8},"end":{"line":11,"column":35}},"5":{"start":{"line":13,"column":4},"end":{"line":28,"column":8}},"6":{"start":{"line":19,"column":41},"end":{"line":28,"column":6}},"7":{"start":{"line":21,"column":25},"end":{"line":25,"column":9}},"8":{"start":{"line":26,"column":26},"end":{"line":26,"column":41}},"9":{"start":{"line":27,"column":8},"end":{"line":27,"column":48}},"10":{"start":{"line":29,"column":4},"end":{"line":43,"column":8}},"11":{"start":{"line":35,"column":40},"end":{"line":43,"column":6}},"12":{"start":{"line":36,"column":25},"end":{"line":40,"column":9}},"13":{"start":{"line":41,"column":26},"end":{"line":41,"column":41}},"14":{"start":{"line":42,"column":8},"end":{"line":42,"column":67}}},"fnMap":{"0":{"name":"(anonymous_0)","decl":{"start":{"line":3,"column":21},"end":{"line":3,"column":22}},"loc":{"start":{"line":3,"column":33},"end":{"line":44,"column":1}},"line":3},"1":{"name":"(anonymous_1)","decl":{"start":{"line":4,"column":116},"end":{"line":4,"column":117}},"loc":{"start":{"line":4,"column":128},"end":{"line":12,"column":5}},"line":4},"2":{"name":"(anonymous_2)","decl":{"start":{"line":19,"column":14},"end":{"line":19,"column":15}},"loc":{"start":{"line":19,"column":41},"end":{"line":28,"column":6}},"line":19},"3":{"name":"(anonymous_3)","decl":{"start":{"line":20,"column":37},"end":{"line":20,"column":38}},"loc":{"start":{"line":20,"column":49},"end":{"line":28,"column":5}},"line":20},"4":{"name":"(anonymous_4)","decl":{"start":{"line":35,"column":14},"end":{"line":35,"column":15}},"loc":{"start":{"line":35,"column":40},"end":{"line":43,"column":6}},"line":35},"5":{"name":"(anonymous_5)","decl":{"start":{"line":35,"column":163},"end":{"line":35,"column":164}},"loc":{"start":{"line":35,"column":175},"end":{"line":43,"column":5}},"line":35}},"branchMap":{},"s":{"0":1,"1":1,"2":1,"3":1,"4":1,"5":1,"6":5,"7":5,"8":5,"9":5,"10":1,"11":5,"12":5,"13":5,"14":5},"f":{"0":1,"1":1,"2":5,"3":5,"4":5,"5":5},"b":{},"_coverageSchema":"1a1c01bbd47fc00a2c39e90264f33305004495a9","hash":"280eafcf6a4bf41895fbfbadeda20cae43976859","contentHash":"73e294162b845f2e342b3ee866bb1211208e34a9b88518603dc86338081311eb"},"C:\\Users\\evano\\WebstormProjects\\JavascriptKata\\dist\\test\\folder_1\\test_kata_3.spec.js":{"path":"C:\\Users\\evano\\WebstormProjects\\JavascriptKata\\dist\\test\\folder_1\\test_kata_3.spec.js","statementMap":{"0":{"start":{"line":3,"column":0},"end":{"line":29,"column":3}},"1":{"start":{"line":4,"column":4},"end":{"line":13,"column":7}},"2":{"start":{"line":5,"column":23},"end":{"line":5,"column":35}},"3":{"start":{"line":6,"column":25},"end":{"line":6,"column":39}},"4":{"start":{"line":7,"column":8},"end":{"line":7,"column":29}},"5":{"start":{"line":8,"column":8},"end":{"line":8,"column":31}},"6":{"start":{"line":9,"column":8},"end":{"line":9,"column":32}},"7":{"start":{"line":10,"column":8},"end":{"line":10,"column":31}},"8":{"start":{"line":11,"column":8},"end":{"line":11,"column":43}},"9":{"start":{"line":12,"column":8},"end":{"line":12,"column":46}},"10":{"start":{"line":14,"column":4},"end":{"line":22,"column":7}},"11":{"start":{"line":15,"column":23},"end":{"line":15,"column":35}},"12":{"start":{"line":16,"column":25},"end":{"line":16,"column":39}},"13":{"start":{"line":17,"column":8},"end":{"line":17,"column":29}},"14":{"start":{"line":18,"column":8},"end":{"line":18,"column":30}},"15":{"start":{"line":19,"column":8},"end":{"line":19,"column":32}},"16":{"start":{"line":20,"column":8},"end":{"line":20,"column":30}},"17":{"start":{"line":21,"column":8},"end":{"line":21,"column":43}},"18":{"start":{"line":23,"column":4},"end":{"line":28,"column":7}},"19":{"start":{"line":24,"column":23},"end":{"line":24,"column":35}},"20":{"start":{"line":25,"column":25},"end":{"line":25,"column":39}},"21":{"start":{"line":26,"column":8},"end":{"line":26,"column":32}},"22":{"start":{"line":27,"column":8},"end":{"line":27,"column":51}}},"fnMap":{"0":{"name":"(anonymous_0)","decl":{"start":{"line":3,"column":26},"end":{"line":3,"column":27}},"loc":{"start":{"line":3,"column":32},"end":{"line":29,"column":1}},"line":3},"1":{"name":"(anonymous_1)","decl":{"start":{"line":4,"column":68},"end":{"line":4,"column":69}},"loc":{"start":{"line":4,"column":74},"end":{"line":13,"column":5}},"line":4},"2":{"name":"(anonymous_2)","decl":{"start":{"line":14,"column":68},"end":{"line":14,"column":69}},"loc":{"start":{"line":14,"column":74},"end":{"line":22,"column":5}},"line":14},"3":{"name":"(anonymous_3)","decl":{"start":{"line":23,"column":69},"end":{"line":23,"column":70}},"loc":{"start":{"line":23,"column":75},"end":{"line":28,"column":5}},"line":23}},"branchMap":{},"s":{"0":1,"1":1,"2":1,"3":1,"4":1,"5":1,"6":1,"7":1,"8":1,"9":1,"10":1,"11":1,"12":1,"13":1,"14":1,"15":1,"16":1,"17":1,"18":1,"19":1,"20":1,"21":1,"22":1},"f":{"0":1,"1":1,"2":1,"3":1},"b":{},"_coverageSchema":"1a1c01bbd47fc00a2c39e90264f33305004495a9","hash":"8b5706b7e12e7645a80da29952f140c213f12c00","contentHash":"d602c5e9115920426f077e6d9bca99003b50864a2166ee7a5b59afe2f3037933"},"C:\\Users\\evano\\WebstormProjects\\JavascriptKata\\dist\\test\\folder_1\\test_kata_4.spec.js":{"path":"C:\\Users\\evano\\WebstormProjects\\JavascriptKata\\dist\\test\\folder_1\\test_kata_4.spec.js","statementMap":{"0":{"start":{"line":3,"column":0},"end":{"line":26,"column":3}},"1":{"start":{"line":4,"column":4},"end":{"line":6,"column":7}},"2":{"start":{"line":5,"column":8},"end":{"line":5,"column":50}},"3":{"start":{"line":7,"column":4},"end":{"line":11,"column":7}},"4":{"start":{"line":8,"column":24},"end":{"line":8,"column":52}},"5":{"start":{"line":9,"column":8},"end":{"line":9,"column":47}},"6":{"start":{"line":10,"column":8},"end":{"line":10,"column":44}},"7":{"start":{"line":12,"column":4},"end":{"line":18,"column":7}},"8":{"start":{"line":13,"column":23},"end":{"line":13,"column":44}},"9":{"start":{"line":14,"column":8},"end":{"line":14,"column":24}},"10":{"start":{"line":15,"column":25},"end":{"line":15,"column":40}},"11":{"start":{"line":16,"column":8},"end":{"line":16,"column":48}},"12":{"start":{"line":17,"column":8},"end":{"line":17,"column":45}},"13":{"start":{"line":19,"column":4},"end":{"line":25,"column":7}},"14":{"start":{"line":20,"column":23},"end":{"line":20,"column":44}},"15":{"start":{"line":21,"column":26},"end":{"line":21,"column":41}},"16":{"start":{"line":22,"column":27},"end":{"line":22,"column":42}},"17":{"start":{"line":23,"column":26},"end":{"line":23,"column":41}},"18":{"start":{"line":24,"column":8},"end":{"line":24,"column":43}}},"fnMap":{"0":{"name":"(anonymous_0)","decl":{"start":{"line":3,"column":33},"end":{"line":3,"column":34}},"loc":{"start":{"line":3,"column":45},"end":{"line":26,"column":1}},"line":3},"1":{"name":"(anonymous_1)","decl":{"start":{"line":4,"column":36},"end":{"line":4,"column":37}},"loc":{"start":{"line":4,"column":48},"end":{"line":6,"column":5}},"line":4},"2":{"name":"(anonymous_2)","decl":{"start":{"line":7,"column":61},"end":{"line":7,"column":62}},"loc":{"start":{"line":7,"column":67},"end":{"line":11,"column":5}},"line":7},"3":{"name":"(anonymous_3)","decl":{"start":{"line":12,"column":76},"end":{"line":12,"column":77}},"loc":{"start":{"line":12,"column":82},"end":{"line":18,"column":5}},"line":12},"4":{"name":"(anonymous_4)","decl":{"start":{"line":19,"column":78},"end":{"line":19,"column":79}},"loc":{"start":{"line":19,"column":84},"end":{"line":25,"column":5}},"line":19}},"branchMap":{},"s":{"0":1,"1":1,"2":1,"3":1,"4":1,"5":1,"6":1,"7":1,"8":1,"9":1,"10":1,"11":1,"12":1,"13":1,"14":1,"15":1,"16":1,"17":1,"18":1},"f":{"0":1,"1":1,"2":1,"3":1,"4":1},"b":{},"_coverageSchema":"1a1c01bbd47fc00a2c39e90264f33305004495a9","hash":"50a96d8517ae7b857bc7194f9ffcd63af5a28b6f","contentHash":"728f6031d32f94d0e5b38ff0cd2f9888d4bb1f060193c5c2e3882cf7614730a3"},"C:\\Users\\evano\\WebstormProjects\\JavascriptKata\\dist\\test\\folder_1\\test_kata_5.spec.js":{"path":"C:\\Users\\evano\\WebstormProjects\\JavascriptKata\\dist\\test\\folder_1\\test_kata_5.spec.js","statementMap":{"0":{"start":{"line":3,"column":0},"end":{"line":44,"column":3}},"1":{"start":{"line":4,"column":4},"end":{"line":12,"column":7}},"2":{"start":{"line":5,"column":25},"end":{"line":9,"column":9}},"3":{"start":{"line":10,"column":26},"end":{"line":10,"column":41}},"4":{"start":{"line":11,"column":8},"end":{"line":11,"column":35}},"5":{"start":{"line":13,"column":4},"end":{"line":28,"column":8}},"6":{"start":{"line":19,"column":41},"end":{"line":28,"column":6}},"7":{"start":{"line":21,"column":25},"end":{"line":25,"column":9}},"8":{"start":{"line":26,"column":26},"end":{"line":26,"column":41}},"9":{"start":{"line":27,"column":8},"end":{"line":27,"column":48}},"10":{"start":{"line":29,"column":4},"end":{"line":43,"column":8}},"11":{"start":{"line":35,"column":40},"end":{"line":43,"column":6}},"12":{"start":{"line":36,"column":25},"end":{"line":40,"column":9}},"13":{"start":{"line":41,"column":26},"end":{"line":41,"column":41}},"14":{"start":{"line":42,"column":8},"end":{"line":42,"column":67}}},"fnMap":{"0":{"name":"(anonymous_0)","decl":{"start":{"line":3,"column":25},"end":{"line":3,"column":26}},"loc":{"start":{"line":3,"column":37},"end":{"line":44,"column":1}},"line":3},"1":{"name":"(anonymous_1)","decl":{"start":{"line":4,"column":116},"end":{"line":4,"column":117}},"loc":{"start":{"line":4,"column":128},"end":{"line":12,"column":5}},"line":4},"2":{"name":"(anonymous_2)","decl":{"start":{"line":19,"column":14},"end":{"line":19,"column":15}},"loc":{"start":{"line":19,"column":41},"end":{"line":28,"column":6}},"line":19},"3":{"name":"(anonymous_3)","decl":{"start":{"line":20,"column":37},"end":{"line":20,"column":38}},"loc":{"start":{"line":20,"column":49},"end":{"line":28,"column":5}},"line":20},"4":{"name":"(anonymous_4)","decl":{"start":{"line":35,"column":14},"end":{"line":35,"column":15}},"loc":{"start":{"line":35,"column":40},"end":{"line":43,"column":6}},"line":35},"5":{"name":"(anonymous_5)","decl":{"start":{"line":35,"column":163},"end":{"line":35,"column":164}},"loc":{"start":{"line":35,"column":175},"end":{"line":43,"column":5}},"line":35}},"branchMap":{},"s":{"0":1,"1":1,"2":1,"3":1,"4":1,"5":1,"6":5,"7":5,"8":5,"9":5,"10":1,"11":5,"12":5,"13":5,"14":5},"f":{"0":1,"1":1,"2":5,"3":5,"4":5,"5":5},"b":{},"_coverageSchema":"1a1c01bbd47fc00a2c39e90264f33305004495a9","hash":"a9e3ea2b1bc7940d8b8abf44afff24686364725f","contentHas
[...]
rojects\\JavascriptKata\\dist\\test\\folder_2\\test_kata_4.spec.js","statementMap":{"0":{"start":{"line":3,"column":0},"end":{"line":29,"column":3}},"1":{"start":{"line":4,"column":4},"end":{"line":6,"column":7}},"2":{"start":{"line":5,"column":8},"end":{"line":5,"column":45}},"3":{"start":{"line":5,"column":32},"end":{"line":5,"column":38}},"4":{"start":{"line":7,"column":4},"end":{"line":9,"column":7}},"5":{"start":{"line":8,"column":8},"end":{"line":8,"column":50}},"6":{"start":{"line":10,"column":4},"end":{"line":14,"column":7}},"7":{"start":{"line":11,"column":24},"end":{"line":11,"column":52}},"8":{"start":{"line":12,"column":8},"end":{"line":12,"column":47}},"9":{"start":{"line":13,"column":8},"end":{"line":13,"column":44}},"10":{"start":{"line":15,"column":4},"end":{"line":21,"column":7}},"11":{"start":{"line":16,"column":23},"end":{"line":16,"column":44}},"12":{"start":{"line":17,"column":8},"end":{"line":17,"column":24}},"13":{"start":{"line":18,"column":25},"end":{"line":18,"column":40}},"14":{"start":{"line":19,"column":8},"end":{"line":19,"column":48}},"15":{"start":{"line":20,"column":8},"end":{"line":20,"column":45}},"16":{"start":{"line":22,"column":4},"end":{"line":28,"column":7}},"17":{"start":{"line":23,"column":23},"end":{"line":23,"column":44}},"18":{"start":{"line":24,"column":26},"end":{"line":24,"column":41}},"19":{"start":{"line":25,"column":27},"end":{"line":25,"column":42}},"20":{"start":{"line":26,"column":26},"end":{"line":26,"column":41}},"21":{"start":{"line":27,"column":8},"end":{"line":27,"column":43}}},"fnMap":{"0":{"name":"(anonymous_0)","decl":{"start":{"line":3,"column":33},"end":{"line":3,"column":34}},"loc":{"start":{"line":3,"column":45},"end":{"line":29,"column":1}},"line":3},"1":{"name":"(anonymous_1)","decl":{"start":{"line":4,"column":15},"end":{"line":4,"column":16}},"loc":{"start":{"line":4,"column":31},"end":{"line":6,"column":5}},"line":4},"2":{"name":"(anonymous_2)","decl":{"start":{"line":5,"column":26},"end":{"line":5,"column":27}},"loc":{"start":{"line":5,"column":32},"end":{"line":5,"column":38}},"line":5},"3":{"name":"(anonymous_3)","decl":{"start":{"line":7,"column":36},"end":{"line":7,"column":37}},"loc":{"start":{"line":7,"column":48},"end":{"line":9,"column":5}},"line":7},"4":{"name":"(anonymous_4)","decl":{"start":{"line":10,"column":61},"end":{"line":10,"column":62}},"loc":{"start":{"line":10,"column":67},"end":{"line":14,"column":5}},"line":10},"5":{"name":"(anonymous_5)","decl":{"start":{"line":15,"column":76},"end":{"line":15,"column":77}},"loc":{"start":{"line":15,"column":82},"end":{"line":21,"column":5}},"line":15},"6":{"name":"(anonymous_6)","decl":{"start":{"line":22,"column":78},"end":{"line":22,"column":79}},"loc":{"start":{"line":22,"column":84},"end":{"line":28,"column":5}},"line":22}},"branchMap":{},"s":{"0":1,"1":1,"2":4,"3":4,"4":1,"5":1,"6":1,"7":1,"8":1,"9":1,"10":1,"11":1,"12":1,"13":1,"14":1,"15":1,"16":1,"17":1,"18":1,"19":1,"20":1,"21":1},"f":{"0":1,"1":4,"2":4,"3":1,"4":1,"5":1,"6":1},"b":{},"_coverageSchema":"1a1c01bbd47fc00a2c39e90264f33305004495a9","hash":"16f8317a84dfea660f778f63fdd386c4292b50d6","contentHash":"f2fe8dc3a6de47d10366fae93d65910a6bc65c28a9f8a193d226a01674dc5d08"},"C:\\Users\\evano\\WebstormProjects\\JavascriptKata\\dist\\test\\folder_2\\test_kata_5.spec.js":{"path":"C:\\Users\\evano\\WebstormProjects\\JavascriptKata\\dist\\test\\folder_2\\test_kata_5.spec.js","statementMap":{"0":{"start":{"line":3,"column":0},"end":{"line":47,"column":3}},"1":{"start":{"line":4,"column":4},"end":{"line":6,"column":7}},"2":{"start":{"line":5,"column":8},"end":{"line":5,"column":45}},"3":{"start":{"line":5,"column":32},"end":{"line":5,"column":38}},"4":{"start":{"line":7,"column":4},"end":{"line":15,"column":7}},"5":{"start":{"line":8,"column":25},"end":{"line":12,"column":9}},"6":{"start":{"line":13,"column":26},"end":{"line":13,"column":41}},"7":{"start":{"line":14,"column":8},"end":{"line":14,"column":35}},"8":{"start":{"line":16,"column":4},"end":{"line":31,"column":8}},"9":{"start":{"line":22,"column":41},"end":{"line":31,"column":6}},"10":{"start":{"line":24,"column":25},"end":{"line":28,"column":9}},"11":{"start":{"line":29,"column":26},"end":{"line":29,"column":41}},"12":{"start":{"line":30,"column":8},"end":{"line":30,"column":48}},"13":{"start":{"line":32,"column":4},"end":{"line":46,"column":8}},"14":{"start":{"line":38,"column":40},"end":{"line":46,"column":6}},"15":{"start":{"line":39,"column":25},"end":{"line":43,"column":9}},"16":{"start":{"line":44,"column":26},"end":{"line":44,"column":41}},"17":{"start":{"line":45,"column":8},"end":{"line":45,"column":67}}},"fnMap":{"0":{"name":"(anonymous_0)","decl":{"start":{"line":3,"column":25},"end":{"line":3,"column":26}},"loc":{"start":{"line":3,"column":37},"end":{"line":47,"column":1}},"line":3},"1":{"name":"(anonymous_1)","decl":{"start":{"line":4,"column":15},"end":{"line":4,"column":16}},"loc":{"start":{"line":4,"column":31},"end":{"line":6,"column":5}},"line":4},"2":{"name":"(anonymous_2)","decl":{"start":{"line":5,"column":26},"end":{"line":5,"column":27}},"loc":{"start":{"line":5,"column":32},"end":{"line":5,"column":38}},"line":5},"3":{"name":"(anonymous_3)","decl":{"start":{"line":7,"column":116},"end":{"line":7,"column":117}},"loc":{"start":{"line":7,"column":128},"end":{"line":15,"column":5}},"line":7},"4":{"name":"(anonymous_4)","decl":{"start":{"line":22,"column":14},"end":{"line":22,"column":15}},"loc":{"start":{"line":22,"column":41},"end":{"line":31,"column":6}},"line":22},"5":{"name":"(anonymous_5)","decl":{"start":{"line":23,"column":37},"end":{"line":23,"column":38}},"loc":{"start":{"line":23,"column":49},"end":{"line":31,"column":5}},"line":23},"6":{"name":"(anonymous_6)","decl":{"start":{"line":38,"column":14},"end":{"line":38,"column":15}},"loc":{"start":{"line":38,"column":40},"end":{"line":46,"column":6}},"line":38},"7":{"name":"(anonymous_7)","decl":{"start":{"line":38,"column":163},"end":{"line":38,"column":164}},"loc":{"start":{"line":38,"column":175},"end":{"line":46,"column":5}},"line":38}},"branchMap":{},"s":{"0":1,"1":1,"2":11,"3":11,"4":1,"5":1,"6":1,"7":1,"8":1,"9":5,"10":5,"11":5,"12":5,"13":1,"14":5,"15":5,"16":5,"17":5},"f":{"0":1,"1":11,"2":11,"3":1,"4":5,"5":5,"6":5,"7":5},"b":{},"_coverageSchema":"1a1c01bbd47fc00a2c39e90264f33305004495a9","hash":"eb1b3ca3b1c8c7892b26602ec64c2bf5f7256830","contentHash":"ea8d38ac16d20ae9761381ea0aa1c0516e5bdde8a55636af680ff9031b662242"},"C:\\Users\\evano\\WebstormProjects\\JavascriptKata\\dist\\test\\folder_2\\test_kata_6.spec.js":{"path":"C:\\Users\\evano\\WebstormProjects\\JavascriptKata\\dist\\test\\folder_2\\test_kata_6.spec.js","statementMap":{"0":{"start":{"line":3,"column":0},"end":{"line":32,"column":3}},"1":{"start":{"line":4,"column":4},"end":{"line":6,"column":7}},"2":{"start":{"line":5,"column":8},"end":{"line":5,"column":45}},"3":{"start":{"line":5,"column":32},"end":{"line":5,"column":38}},"4":{"start":{"line":7,"column":4},"end":{"line":16,"column":7}},"5":{"start":{"line":8,"column":23},"end":{"line":8,"column":35}},"6":{"start":{"line":9,"column":25},"end":{"line":9,"column":39}},"7":{"start":{"line":10,"column":8},"end":{"line":10,"column":29}},"8":{"start":{"line":11,"column":8},"end":{"line":11,"column":31}},"9":{"start":{"line":12,"column":8},"end":{"line":12,"column":32}},"10":{"start":{"line":13,"column":8},"end":{"line":13,"column":31}},"11":{"start":{"line":14,"column":8},"end":{"line":14,"column":43}},"12":{"start":{"line":15,"column":8},"end":{"line":15,"column":46}},"13":{"start":{"line":17,"column":4},"end":{"line":25,"column":7}},"14":{"start":{"line":18,"column":23},"end":{"line":18,"column":35}},"15":{"start":{"line":19,"column":25},"end":{"line":19,"column":39}},"16":{"start":{"line":20,"column":8},"end":{"line":20,"column":29}},"17":{"start":{"line":21,"column":8},"end":{"line":21,"column":30}},"18":{"start":{"line":22,"column":8},"end":{"line":22,"column":32}},"19":{"start":{"line":23,"column":8},"end":{"line":23,"column":30}},"20":{"start":{"line":24,"column":8},"end":{"line":24,"column":43}},"21":{"start":{"line":26,"column":4},"end":{"line":31,"column":7}},"22":{"start":{"line":27,"column":23},"end":{"line":27,"column":35}},"23":{"start":{"line":28,"column":25},"end":{"line":28,"column":39}},"24":{"start":{"line":29,"column":8},"end":{"line":29,"column":32}},"25":{"start":{"line":30,"column":8},"end":{"line":30,"column":51}}},"fnMap":{"0":{"name":"(anonymous_0)","decl":{"start":{"line":3,"column":30},"end":{"line":3,"column":31}},"loc":{"start":{"line":3,"column":36},"end":{"line":32,"column":1}},"line":3},"1":{"name":"(anonymous_1)","decl":{"start":{"line":4,"column":15},"end":{"line":4,"column":16}},"loc":{"start":{"line":4,"column":31},"end":{"line":6,"column":5}},"line":4},"2":{"name":"(anonymous_2)","decl":{"start":{"line":5,"column":26},"end":{"line":5,"column":27}},"loc":{"start":{"line":5,"column":32},"end":{"line":5,"column":38}},"line":5},"3":{"name":"(anonymous_3)","decl":{"start":{"line":7,"column":68},"end":{"line":7,"column":69}},"loc":{"start":{"line":7,"column":74},"end":{"line":16,"column":5}},"line":7},"4":{"name":"(anonymous_4)","decl":{"start":{"line":17,"column":68},"end":{"line":17,"column":69}},"loc":{"start":{"line":17,"column":74},"end":{"line":25,"column":5}},"line":17},"5":{"name":"(anonymous_5)","decl":{"start":{"line":26,"column":69},"end":{"line":26,"column":70}},"loc":{"start":{"line":26,"column":75},"end":{"line":31,"column":5}},"line":26}},"branchMap":{},"s":{"0":1,"1":1,"2":3,"3":3,"4":1,"5":1,"6":1,"7":1,"8":1,"9":1,"10":1,"11":1,"12":1,"13":1,"14":1,"15":1,"16":1,"17":1,"18":1,"19":1,"20":1,"21":1,"22":1,"23":1,"24":1,"25":1},"f":{"0":1,"1":3,"2":3,"3":1,"4":1,"5":1},"b":{},"_coverageSchema":"1a1c01bbd47fc00a2c39e90264f33305004495a9","hash":"e2ff278a71f68b4e6d01d8577d473446f3d5efda","contentHash":"8eaa714e3b1355f473ec1ae0b0b772d794592e905fa279e0be4df51438d74b61"},"C:\\Users\\evano\\WebstormProjects\\JavascriptKata\\dist\\test\\folder_2\\test_kata_7.spec.js":{"path":"C:\\Users\\evano\\WebstormProjects\\JavascriptKata\\dist\\test\\folder_2\\test_kata_7.spec.js","statementMap":{"0":{"start":{"line":3,"column":0},"end":{"line":29,"column":3}},"1":{"start":{"line":4,"column":4},"end":{"line":6,"column":7}},"2":{"start":{"line":5,"column":8},"end":{"line":5,"column":45}},"3":{"start":{"line":5,"column":32},"end":{"line":5,"column":38}},"4":{"start":{"line":7,"column":4},"end":{"line":9,"column":7}},"5":{"start":{"line":8,"column":8},"end":{"line":8,"column":50}},"6":{"start":{"line":10,"column":4},"end":{"line":14,"column":7}},"7":{"start":{"line":11,"column":24},"end":{"line":11,"column":52}},"8":{"start":{"line":12,"column":8},"end":{"line":12,"column":47}},"9":{"start":{"line":13,"column":8},"end":{"line":13,"column":44}},"10":{"start":{"line":15,"column":4},"end":{"line":21,"column":7}},"11":{"start":{"line":16,"column":23},"end":{"line":16,"column":44}},"12":{"start":{"line":17,"column":8},"end":{"line":17,"column":24}},"13":{"start":{"line":18,"column":25},"end":{"line":18,"column":40}},"14":{"start":{"line":19,"column":8},"end":{"line":19,"column":48}},"15":{"start":{"line":20,"column":8},"end":{"line":20,"column":45}},"16":{"start":{"line":22,"column":4},"end":{"line":28,"column":7}},"17":{"start":{"line":23,"column":23},"end":{"line":23,"column":44}},"18":{"start":{"line":24,"column":26},"end":{"line":24,"column":41}},"19":{"start":{"line":25,"column":27},"end":{"line":25,"column":42}},"20":{"start":{"line":26,"column":26},"end":{"line":26,"column":41}},"21":{"start":{"line":27,"column":8},"end":{"line":27,"column":43}}},"fnMap":{"0":{"name":"(anonymous_0)","decl":{"start":{"line":3,"column":35},"end":{"line":3,"column":36}},"loc":{"start":{"line":3,"column":47},"end":{"line":29,"column":1}},"line":3},"1":{"name":"(anonymous_1)","decl":{"start":{"line":4,"column":15},"end":{"line":4,"column":16}},"loc":{"start":{"line":4,"column":31},"end":{"line":6,"column":5}},"line":4},"2":{"name":"(anonymous_2)","decl":{"start":{"line":5,"column":26},"end":{"line":5,"column":27}},"loc":{"start":{"line":5,"column":32},"end":{"line":5,"column":38}},"line":5},"3":{"name":"(anonymous_3)","decl":{"start":{"line":7,"column":36},"end":{"line":7,"column":37}},"loc":{"start":{"line":7,"column":48},"end":{"line":9,"column":5}},"line":7},"4":{"name":"(anonymous_4)","decl":{"start":{"line":10,"column":61},"end":{"line":10,"column":62}},"loc":{"start":{"line":10,"column":67},"end":{"line":14,"column":5}},"line":10},"5":{"name":"(anonymous_5)","decl":{"start":{"line":15,"column":76},"end":{"line":15,"column":77}},"loc":{"start":{"line":15,"column":82},"end":{"line":21,"column":5}},"line":15},"6":{"name":"(anonymous_6)","decl":{"start":{"line":22,"column":78},"end":{"line":22,"column":79}},"loc":{"start":{"line":22,"column":84},"end":{"line":28,"column":5}},"line":22}},"branchMap":{},"s":{"0":1,"1":1,"2":4,"3":4,"4":1,"5":1,"6":1,"7":1,"8":1,"9":1,"10":1,"11":1,"12":1,"13":1,"14":1,"15":1,"16":1,"17":1,"18":1,"19":1,"20":1,"21":1},"f":{"0":1,"1":4,"2":4,"3":1,"4":1,"5":1,"6":1},"b":{},"_coverageSchema":"1a1c01bbd47fc00a2c39e90264f33305004495a9","hash":"a9356edd06536edba0209698bea7291a3b8baf2f","contentHash":"29d4a79e78376bac09fbe82bdd822c45f2027b09308f31a506ee7ca3a169aeff"},"C:\\Users\\evano\\WebstormProjects\\JavascriptKata\\dist\\test\\folder_2\\test_kata_8.spec.js":{"path":"C:\\Users\\evano\\WebstormProjects\\JavascriptKata\\dist\\test\\folder_2\\test_kata_8.spec.js","statementMap":{"0":{"start":{"line":3,"column":0},"end":{"line":47,"column":3}},"1":{"start":{"line":4,"column":4},"end":{"line":6,"column":7}},"2":{"start":{"line":5,"column":8},"end":{"line":5,"column":45}},"3":{"start":{"line":5,"column":32},"end":{"line":5,"column":38}},"4":{"start":{"line":7,"column":4},"end":{"line":15,"column":7}},"5":{"start":{"line":8,"column":25},"end":{"line":12,"column":9}},"6":{"start":{"line":13,"column":26},"end":{"line":13,"column":41}},"7":{"start":{"line":14,"column":8},"end":{"line":14,"column":35}},"8":{"start":{"line":16,"column":4},"end":{"line":31,"column":8}},"9":{"start":{"line":22,"column":41},"end":{"line":31,"column":6}},"10":{"start":{"line":24,"column":25},"end":{"line":28,"column":9}},"11":{"start":{"line":29,"column":26},"end":{"line":29,"column":41}},"12":{"start":{"line":30,"column":8},"end":{"line":30,"column":48}},"13":{"start":{"line":32,"column":4},"end":{"line":46,"column":8}},"14":{"start":{"line":38,"column":40},"end":{"line":46,"column":6}},"15":{"start":{"line":39,"column":25},"end":{"line":43,"column":9}},"16":{"start":{"line":44,"column":26},"end":{"line":44,"column":41}},"17":{"start":{"line":45,"column":8},"end":{"line":45,"column":67}}},"fnMap":{"0":{"name":"(anonymous_0)","decl":{"start":{"line":3,"column":27},"end":{"line":3,"column":28}},"loc":{"start":{"line":3,"column":39},"end":{"line":47,"column":1}},"line":3},"1":{"name":"(anonymous_1)","decl":{"start":{"line":4,"column":15},"end":{"line":4,"column":16}},"loc":{"start":{"line":4,"column":31},"end":{"line":6,"column":5}},"line":4},"2":{"name":"(anonymous_2)","decl":{"start":{"line":5,"column":26},"end":{"line":5,"column":27}},"loc":{"start":{"line":5,"column":32},"end":{"line":5,"column":38}},"line":5},"3":{"name":"(anonymous_3)","decl":{"start":{"line":7,"column":116},"end":{"line":7,"column":117}},"loc":{"start":{"line":7,"column":128},"end":{"line":15,"column":5}},"line":7},"4":{"name":"(anonymous_4)","decl":{"start":{"line":22,"column":14},"end":{"line":22,"column":15}},"loc":{"start":{"line":22,"column":41},"end":{"line":31,"column":6}},"line":22},"5":{"name":"(anonymous_5)","decl":{"start":{"line":23,"column":37},"end":{"line":23,"column":38}},"loc":{"start":{"line":23,"column":49},"end":{"line":31,"column":5}},"line":23},"6":{"name":"(anonymous_6)","decl":{"start":{"line":38,"column":14},"end":{"line":38,"column":15}},"loc":{"start":{"line":38,"column":40},"end":{"line":46,"column":6}},"line":38},"7":{"name":"(anonymous_7)","decl":{"start":{"line":38,"column":163},"end":{"line":38,"column":164}},"loc":{"start":{"line":38,"column":175},"end":{"line":46,"column":5}},"line":38}},"branchMap":{},"s":{"0":1,"1":1,"2":11,"3":11,"4":1,"5":1,"6":1,"7":1,"8":1,"9":5,"10":5,"11":5,"12":5,"13":1,"14":5,"15":5,"16":5,"17":5},"f":{"0":1,"1":11,"2":11,"3":1,"4":5,"5":5,"6":5,"7":5},"b":{},"_coverageSchema":"1a1c01bbd47fc00a2c39e90264f33305004495a9","hash":"3dfed412d29206077c932b34b821f1bf933d40ca","contentHash":"674d8a9bf860efd934c9a297e155ca4db284f449b77c9e6207bb4e894f52c940"},"C:\\Users\\evano\\WebstormProjects\\JavascriptKata\\dist\\test\\folder_2\\test_kata_9.spec.js":{"path":"C:\\Users\\evano\\WebstormProjects\\JavascriptKata\\dist\\test\\folder_2\\test_kata_9.spec.js","statementMap":{"0":{"start":{"line":3,"column":0},"end":{"line":32,"column":3}},"1":{"start":{"line":4,"column":4},"end":{"line":6,"column":7}},"2":{"start":{"line":5,"column":8},"end":{"line":5,"column":45}},"3":{"start":{"line":5,"column":32},"end":{"line":5,"column":38}},"4":{"start":{"line":7,"column":4},"end":{"line":16,"column":7}},"5":{"start":{"line":8,"column":23},"end":{"line":8,"column":35}},"6":{"start":{"line":9,"column":25},"end":{"line":9,"column":39}},"7":{"start":{"line":10,"column":8},"end":{"line":10,"column":29}},"8":{"start":{"line":11,"column":8},"end":{"line":11,"column":31}},"9":{"start":{"line":12,"column":8},"end":{"line":12,"column":32}},"10":{"start":{"line":13,"column":8},"end":{"line":13,"column":31}},"11":{"start":{"line":14,"column":8},"end":{"line":14,"column":43}},"12":{"start":{"line":15,"column":8},"end":{"line":15,"column":46}},"13":{"start":{"line":17,"column":4},"end":{"line":25,"column":7}},"14":{"start":{"line":18,"column":23},"end":{"line":18,"column":35}},"15":{"start":{"line":19,"column":25},"end":{"line":19,"column":39}},"16":{"start":{"line":20,"column":8},"end":{"line":20,"column":29}},"17":{"start":{"line":21,"column":8},"end":{"line":21,"column":30}},"18":{"start":{"line":22,"column":8},"end":{"line":22,"column":32}},"19":{"start":{"line":23,"column":8},"end":{"line":23,"column":30}},"20":{"start":{"line":24,"column":8},"end":{"line":24,"column":43}},"21":{"start":{"line":26,"column":4},"end":{"line":31,"column":7}},"22":{"start":{"line":27,"column":23},"end":{"line":27,"column":35}},"23":{"start":{"line":28,"column":25},"end":{"line":28,"column":39}},"24":{"start":{"line":29,"column":8},"end":{"line":29,"column":32}},"25":{"start":{"line":30,"column":8},"end":{"line":30,"column":51}}},"fnMap":{"0":{"name":"(anonymous_0)","decl":{"start":{"line":3,"column":32},"end":{"line":3,"column":33}},"loc":{"start":{"line":3,"column":38},"end":{"line":32,"column":1}},"line":3},"1":{"name":"(anonymous_1)","decl":{"start":{"line":4,"column":15},"end":{"line":4,"column":16}},"loc":{"start":{"line":4,"column":31},"end":{"line":6,"column":5}},"line":4},"2":{"name":"(anonymous_2)","decl":{"start":{"line":5,"column":26},"end":{"line":5,"column":27}},"loc":{"start":{"line":5,"column":32},"end":{"line":5,"column":38}},"line":5},"3":{"name":"(anonymous_3)","decl":{"start":{"line":7,"column":68},"end":{"line":7,"column":69}},"loc":{"start":{"line":7,"column":74},"end":{"line":16,"column":5}},"line":7},"4":{"name":"(anonymous_4)","decl":{"start":{"line":17,"column":68},"end":{"line":17,"column":69}},"loc":{"start":{"line":17,"column":74},"end":{"line":25,"column":5}},"line":17},"5":{"name":"(anonymous_5)","decl":{"start":{"line":26,"column":69},"end":{"line":26,"column":70}},"loc":{"start":{"line":26,"column":75},"end":{"line":31,"column":5}},"line":26}},"branchMap":{},"s":{"0":1,"1":1,"2":3,"3":3,"4":1,"5":1,"6":1,"7":1,"8":1,"9":1,"10":1,"11":1,"12":1,"13":1,"14":1,"15":1,"16":1,"17":1,"18":1,"19":1,"20":1,"21":1,"22":1,"23":1,"24":1,"25":1},"f":{"0":1,"1":3,"2":3,"3":1,"4":1,"5":1},"b":{},"_coverageSchema":"1a1c01bbd47fc00a2c39e90264f33305004495a9","hash":"c44074a12956d9abcb26b9c1b092c70b9ef4568c","contentHash":"0b836b912498df3933674cad25a783da24f37947a95b837b9fd65b0873054f6e"}}